#
# A fatal error has been detected by the Java Runtime Environment:
#
#  EXCEPTION_ACCESS_VIOLATION (0xc0000005) at pc=0x00007ffbb6bad632, pid=145172, tid=141988
#
# JRE version: OpenJDK Runtime Environment JBR-21.0.5+8-631.30-jcef (21.0.5+8) (build 21.0.5+8-b631.30)
# Java VM: OpenJDK 64-Bit Server VM JBR-21.0.5+8-631.30-jcef (21.0.5+8-b631.30, mixed mode, sharing, tiered, compressed oops, compressed class ptrs, g1 gc, windows-amd64)
# Problematic frame:
# V  [jvm.dll+0x8d632]
#
# No core dump will be written. Minidumps are not enabled by default on client versions of Windows
#
# If you would like to submit a bug report, please visit:
#   https://youtrack.jetbrains.com/issues/JBR
#

---------------  S U M M A R Y ------------

Command Line: -agentlib:jdwp=transport=dt_socket,address=127.0.0.1:63715,suspend=y,server=n -javaagent:C:\Users\messi\.hotswap\hotswap-agent.jar -XX:+AllowEnhancedClassRedefinition -XX:HotswapAgent=external -XX:+ClassUnloading --add-opens=java.base/sun.nio.ch=ALL-UNNAMED --add-opens=java.base/java.lang=ALL-UNNAMED --add-opens=java.base/java.lang.reflect=ALL-UNNAMED --add-opens=java.base/java.io=ALL-UNNAMED --add-opens=java.base/sun.security.action=ALL-UNNAMED --add-opens=java.base/jdk.internal.reflect=ALL-UNNAMED -javaagent:C:\Users\messi\AppData\Local\JetBrains\IdeaIC2024.3\captureAgent\debugger-agent.jar -Dkotlinx.coroutines.debug.enable.creation.stack.trace=false -Ddebugger.agent.enable.coroutines=true -Dkotlinx.coroutines.debug.enable.flows.stack.trace=true -Dkotlinx.coroutines.debug.enable.mutable.state.flows.stack.trace=true -Dfile.encoding=UTF-8 -Dsun.stdout.encoding=UTF-8 -Dsun.stderr.encoding=UTF-8 org.example.origin.easyJavaEx.MultilangPrg

Host: AMD Ryzen 7 7735HS with Radeon Graphics        , 16 cores, 15G,  Windows 11 , 64 bit Build 22621 (10.0.22621.4391)
Time: Fri Dec 27 15:53:52 2024 SE Asia Standard Time elapsed time: 0.612560 seconds (0d 0h 0m 0s)

---------------  T H R E A D  ---------------

Current thread (0x000002545b99d2f0):  JavaThread "C2 CompilerThread1" daemon [_thread_in_native, id=141988, stack(0x000000df96000000,0x000000df96100000) (1024K)]


Current CompileTask:
C2:612 1402       4       java.util.ArrayList$Itr::next (66 bytes)

Stack: [0x000000df96000000,0x000000df96100000],  sp=0x000000df960fcba0,  free space=1010k
Native frames: (J=compiled Java code, j=interpreted, Vv=VM code, C=native code)
V  [jvm.dll+0x8d632]
V  [jvm.dll+0x6bec2f]
V  [jvm.dll+0x66d704]
V  [jvm.dll+0x671f09]
V  [jvm.dll+0x25061f]
V  [jvm.dll+0x24fd71]
V  [jvm.dll+0x1cd6a4]
V  [jvm.dll+0x25f5dc]
V  [jvm.dll+0x25db03]
V  [jvm.dll+0x3ff5e6]
V  [jvm.dll+0x86b248]
V  [jvm.dll+0x6e3abd]
C  [ucrtbase.dll+0x29333]
C  [KERNEL32.DLL+0x1259d]
C  [ntdll.dll+0x5af38]


siginfo: EXCEPTION_ACCESS_VIOLATION (0xc0000005), reading address 0xffffffffffffffff


Registers:
RAX=0x00000000b6b2fee0, RBX=0x00007ffbb7523408, RCX=0x00007ffbb6b34700, RDX=0x00000254a171b208
RSP=0x000000df960fcba0, RBP=0x000000df960fcc49, RSI=0x0000000000000000, RDI=0x00000254a171b208
R8 =0x0000000000000002, R9 =0x0000000000000000, R10=0x00007ffbf2db0000, R11=0x00000254a17218c0
R12=0x00000000000000b1, R13=0x0000000000000000, R14=0x0000000000000000, R15=0x000000df960fd0a0
RIP=0x00007ffbb6bad632, EFLAGS=0x0000000000010292


Register to memory mapping:

RAX=0x00000000b6b2fee0 is an unknown value
RBX=0x00007ffbb7523408 jvm.dll
RCX=0x00007ffbb6b34700 jvm.dll
RDX=0x00000254a171b208 points into unknown readable memory: 0x00007ffbb7523408 | 08 34 52 b7 fb 7f 00 00
RSP=0x000000df960fcba0 is pointing into the stack for thread: 0x000002545b99d2f0
RBP=0x000000df960fcc49 is pointing into the stack for thread: 0x000002545b99d2f0
RSI=0x0 is null
RDI=0x00000254a171b208 points into unknown readable memory: 0x00007ffbb7523408 | 08 34 52 b7 fb 7f 00 00
R8 =0x0000000000000002 is an unknown value
R9 =0x0 is null
R10=0x00007ffbf2db0000 VCRUNTIME140.dll
R11=0x00000254a17218c0 points into unknown readable memory: 0x00007ffbb7523408 | 08 34 52 b7 fb 7f 00 00
R12=0x00000000000000b1 is an unknown value
R13=0x0 is null
R14=0x0 is null
R15=0x000000df960fd0a0 is pointing into the stack for thread: 0x000002545b99d2f0

Top of Stack: (sp=0x000000df960fcba0)
0x000000df960fcba0:   0000000000000003 00000254a171b208
0x000000df960fcbb0:   0000000000000000 0000000000000000
0x000000df960fcbc0:   00007ffbb7523408 00007ffbb71dec2f
0x000000df960fcbd0:   00000254a171b208 0000000000000000
0x000000df960fcbe0:   000000df960fd0a0 0000000000000000
0x000000df960fcbf0:   00000254a171b208 00007ffbb718d704
0x000000df960fcc00:   0000000000000003 000000000000007b
0x000000df960fcc10:   0000000000000000 0000000000000000
0x000000df960fcc20:   000000df960fccb0 000000df960fccb8
0x000000df960fcc30:   000002545b9082a8 000002545b908ea8
0x000000df960fcc40:   000002545b908128 000002545b929c50
0x000000df960fcc50:   0000000000000002 000002545b908ea8
0x000000df960fcc60:   00007ffb00000002 000002545b929c50
0x000000df960fcc70:   000002545b9080c0 0000000000000000
0x000000df960fcc80:   0000000000000000 0000000000000060
0x000000df960fcc90:   0000000000000004 000000df960fd0a0
0x000000df960fcca0:   000000df960fcd39 00007ffbb7191f09
0x000000df960fccb0:   000000df960fd000 000000df960fcd39
0x000000df960fccc0:   0000000000000010 000002545ba394b0
0x000000df960fccd0:   000002545b9080a8 0000000000000000
0x000000df960fcce0:   0000000000100000 0000000000000000
0x000000df960fccf0:   0000000000000000 0000000000000000
0x000000df960fcd00:   0000000000000000 0000000000000000
0x000000df960fcd10:   0000000000000000 0000000000000000
0x000000df960fcd20:   0000000000000000 0000000000000000
0x000000df960fcd30:   0000000000000000 0000000000000000
0x000000df960fcd40:   000000df960fd148 0000000000000007
0x000000df960fcd50:   0000000000000000 0000000000000000
0x000000df960fcd60:   0000b776bc116df4 00007ffbb718b5de
0x000000df960fcd70:   0000000000000000 0000000080000000
0x000000df960fcd80:   000002545b3a8c80 0000000000000000
0x000000df960fcd90:   000000df960fcea0 00007ffbb6d7061f 

Instructions: (pc=0x00007ffbb6bad632)
0x00007ffbb6bad532:   00 00 00 48 89 03 c6 43 3c 00 c7 43 2c 08 00 00
0x00007ffbb6bad542:   00 8b 4d 2c 83 e1 0f 80 f9 09 75 04 83 4b 30 40
0x00007ffbb6bad552:   4c 89 23 0f 28 05 64 92 bb 00 0f 11 43 40 0f 28
0x00007ffbb6bad562:   0d 69 92 bb 00 0f 11 4b 50 0f 28 05 6e 92 bb 00
0x00007ffbb6bad572:   0f 11 43 60 0f 28 0d 73 92 bb 00 0f 11 4b 70 0f
0x00007ffbb6bad582:   28 05 78 92 bb 00 0f 11 83 80 00 00 00 0f 28 0d
0x00007ffbb6bad592:   7a 92 bb 00 0f 11 8b 90 00 00 00 c7 83 a0 00 00
0x00007ffbb6bad5a2:   00 0f 00 00 00 c7 43 2c 08 02 00 00 eb 02 33 db
0x00007ffbb6bad5b2:   8b 77 18 8d 46 01 89 47 18 3b 77 08 72 0a 8b d6
0x00007ffbb6bad5c2:   48 8b cf e8 f6 2c 63 00 48 8b 47 10 48 8b 7c 24
0x00007ffbb6bad5d2:   58 48 89 1c f0 48 8b c5 48 8b 6c 24 48 48 8b 5c
0x00007ffbb6bad5e2:   24 40 48 8b 74 24 50 48 83 c4 20 41 5f 41 5e 41
0x00007ffbb6bad5f2:   5c c3 cc cc cc cc cc cc cc cc cc cc cc cc 48 89
0x00007ffbb6bad602:   5c 24 08 57 48 83 ec 20 48 8b d9 48 8b fa 48 8b
0x00007ffbb6bad612:   49 10 48 85 c9 74 20 8b 43 20 3b 43 24 75 11 8b
0x00007ffbb6bad622:   d0 48 8b cb e8 95 3e 63 00 8b 43 20 48 8b 4b 10
0x00007ffbb6bad632:   48 89 3c c1 ff 43 20 48 8b 5c 24 30 48 83 c4 20
0x00007ffbb6bad642:   5f c3 cc cc cc cc cc cc cc cc cc cc cc cc 48 89
0x00007ffbb6bad652:   5c 24 08 57 48 83 ec 20 48 8b 01 48 8b d9 ff 90
0x00007ffbb6bad662:   c8 00 00 00 8d 50 01 48 8b 43 08 48 8b 0c d0 48
0x00007ffbb6bad672:   8b 01 ff 50 28 48 8b 13 48 8b cb 48 8b f8 ff 92
0x00007ffbb6bad682:   c8 00 00 00 83 c0 02 39 43 18 77 0e 48 8b c7 48
0x00007ffbb6bad692:   8b 5c 24 30 48 83 c4 20 5f c3 48 8b 03 48 8b cb
0x00007ffbb6bad6a2:   ff 90 c8 00 00 00 8d 48 02 48 8b 43 08 48 8b 0c
0x00007ffbb6bad6b2:   c8 48 8b 01 ff 50 28 45 33 c0 48 8b cf 48 8b d0
0x00007ffbb6bad6c2:   48 8b 5c 24 30 48 83 c4 20 5f e9 6f 4c 7f 00 cc
0x00007ffbb6bad6d2:   cc cc cc cc cc cc cc cc cc cc cc cc cc cc 48 8b
0x00007ffbb6bad6e2:   41 60 c3 cc cc cc cc cc cc cc cc cc cc cc 48 8b
0x00007ffbb6bad6f2:   41 70 c3 cc cc cc cc cc cc cc cc cc cc cc 8b 81
0x00007ffbb6bad702:   a0 00 00 00 c3 cc cc cc cc cc cc cc cc cc 48 89
0x00007ffbb6bad712:   5c 24 08 48 89 74 24 10 57 48 83 ec 20 49 8b f0
0x00007ffbb6bad722:   8b da 48 8b f9 3b 51 08 72 07 8b d3 e8 8d 2b 63 


Stack slot to memory mapping:

stack at sp + 0 slots: 0x0000000000000003 is an unknown value
stack at sp + 1 slots: 0x00000254a171b208 points into unknown readable memory: 0x00007ffbb7523408 | 08 34 52 b7 fb 7f 00 00
stack at sp + 2 slots: 0x0 is null
stack at sp + 3 slots: 0x0 is null
stack at sp + 4 slots: 0x00007ffbb7523408 jvm.dll
stack at sp + 5 slots: 0x00007ffbb71dec2f jvm.dll
stack at sp + 6 slots: 0x00000254a171b208 points into unknown readable memory: 0x00007ffbb7523408 | 08 34 52 b7 fb 7f 00 00
stack at sp + 7 slots: 0x0 is null


---------------  P R O C E S S  ---------------

Threads class SMR info:
_java_thread_list=0x00000254a177fac0, length=27, elements={
0x000002543ff204a0, 0x000002545b3d5d50, 0x000002545b3d7910, 0x000002545b3d9ac0,
0x000002545b3da870, 0x000002545b3dd2d0, 0x000002545b3dde50, 0x000002545b3ec8c0,
0x000002545b3ed350, 0x000002545b72f6b0, 0x000002545b735270, 0x000002545b8247c0,
0x000002545b947ac0, 0x000002545b948150, 0x000002545b89ea80, 0x000002545b8a3130,
0x000002545b99d2f0, 0x00000254a10166d0, 0x00000254a1024bc0, 0x00000254a1025220,
0x00000254a10ba8d0, 0x00000254a28b3af0, 0x00000254a277c3d0, 0x00000254a277ce80,
0x00000254a277dd30, 0x00000254a28b99b0, 0x00000254a1789150
}

Java Threads: ( => current thread )
  0x000002543ff204a0 JavaThread "main"                              [_thread_in_native, id=122384, stack(0x000000df94900000,0x000000df94a00000) (1024K)]
  0x000002545b3d5d50 JavaThread "Reference Handler"          daemon [_thread_blocked, id=143096, stack(0x000000df95100000,0x000000df95200000) (1024K)]
  0x000002545b3d7910 JavaThread "Finalizer"                  daemon [_thread_blocked, id=73628, stack(0x000000df95200000,0x000000df95300000) (1024K)]
  0x000002545b3d9ac0 JavaThread "Signal Dispatcher"          daemon [_thread_blocked, id=142780, stack(0x000000df95300000,0x000000df95400000) (1024K)]
  0x000002545b3da870 JavaThread "Attach Listener"            daemon [_thread_blocked, id=142632, stack(0x000000df95400000,0x000000df95500000) (1024K)]
  0x000002545b3dd2d0 JavaThread "Service Thread"             daemon [_thread_blocked, id=23220, stack(0x000000df95500000,0x000000df95600000) (1024K)]
  0x000002545b3dde50 JavaThread "Monitor Deflation Thread"   daemon [_thread_blocked, id=141572, stack(0x000000df95600000,0x000000df95700000) (1024K)]
  0x000002545b3ec8c0 JavaThread "C2 CompilerThread0"         daemon [_thread_in_native, id=98456, stack(0x000000df95700000,0x000000df95800000) (1024K)]
  0x000002545b3ed350 JavaThread "C1 CompilerThread0"         daemon [_thread_blocked, id=141812, stack(0x000000df95800000,0x000000df95900000) (1024K)]
  0x000002545b72f6b0 JavaThread "Common-Cleaner"             daemon [_thread_blocked, id=144220, stack(0x000000df95900000,0x000000df95a00000) (1024K)]
  0x000002545b735270 JavaThread "C1 CompilerThread1"         daemon [_thread_blocked, id=142956, stack(0x000000df95a00000,0x000000df95b00000) (1024K)]
  0x000002545b8247c0 JavaThread "JDWP Transport Listener: dt_socket" daemon [_thread_blocked, id=142868, stack(0x000000df95b00000,0x000000df95c00000) (1024K)]
  0x000002545b947ac0 JavaThread "JDWP Event Helper Thread"   daemon [_thread_blocked, id=144812, stack(0x000000df95c00000,0x000000df95d00000) (1024K)]
  0x000002545b948150 JavaThread "JDWP Command Reader"        daemon [_thread_in_native, id=57884, stack(0x000000df95d00000,0x000000df95e00000) (1024K)]
  0x000002545b89ea80 JavaThread "C1 CompilerThread2"         daemon [_thread_blocked, id=139556, stack(0x000000df95e00000,0x000000df95f00000) (1024K)]
  0x000002545b8a3130 JavaThread "C1 CompilerThread3"         daemon [_thread_blocked, id=140140, stack(0x000000df95f00000,0x000000df96000000) (1024K)]
=>0x000002545b99d2f0 JavaThread "C2 CompilerThread1"         daemon [_thread_in_native, id=141988, stack(0x000000df96000000,0x000000df96100000) (1024K)]
  0x00000254a10166d0 JavaThread "FileSystemWatchService"     daemon [_thread_in_native, id=144808, stack(0x000000df96100000,0x000000df96200000) (1024K)]
  0x00000254a1024bc0 JavaThread "HotSwap Watcher"            daemon [_thread_blocked, id=144804, stack(0x000000df96200000,0x000000df96300000) (1024K)]
  0x00000254a1025220 JavaThread "HotSwap Dispatcher"         daemon [_thread_blocked, id=118364, stack(0x000000df96300000,0x000000df96400000) (1024K)]
  0x00000254a10ba8d0 JavaThread "Thread-2"                   daemon [_thread_blocked, id=143420, stack(0x000000df96400000,0x000000df96500000) (1024K)]
  0x00000254a28b3af0 JavaThread "C2 CompilerThread2"         daemon [_thread_in_native, id=49732, stack(0x000000df96f00000,0x000000df97000000) (1024K)]
  0x00000254a277c3d0 JavaThread "C2 CompilerThread3"         daemon [_thread_in_native, id=144828, stack(0x000000df97000000,0x000000df97100000) (1024K)]
  0x00000254a277ce80 JavaThread "C2 CompilerThread4"         daemon [_thread_in_native, id=144776, stack(0x000000df97100000,0x000000df97200000) (1024K)]
  0x00000254a277dd30 JavaThread "C2 CompilerThread5"         daemon [_thread_in_native, id=144472, stack(0x000000df97200000,0x000000df97300000) (1024K)]
  0x00000254a28b99b0 JavaThread "C2 CompilerThread6"         daemon [_thread_in_native, id=145068, stack(0x000000df97300000,0x000000df97400000) (1024K)]
  0x00000254a1789150 JavaThread "Notification Thread"        daemon [_thread_blocked, id=16028, stack(0x000000df97400000,0x000000df97500000) (1024K)]
Total: 27

Other Threads:
  0x000002545b3bd000 VMThread "VM Thread"                           [id=144984, stack(0x000000df95000000,0x000000df95100000) (1024K)]
  0x000002545b3ac4a0 WatcherThread "VM Periodic Task Thread"        [id=143700, stack(0x000000df94f00000,0x000000df95000000) (1024K)]
  0x000002543ff866e0 WorkerThread "GC Thread#0"                     [id=144396, stack(0x000000df94a00000,0x000000df94b00000) (1024K)]
  0x00000254a1361de0 WorkerThread "GC Thread#1"                     [id=81804, stack(0x000000df96500000,0x000000df96600000) (1024K)]
  0x00000254a1362590 WorkerThread "GC Thread#2"                     [id=71360, stack(0x000000df96600000,0x000000df96700000) (1024K)]
  0x00000254a1362930 WorkerThread "GC Thread#3"                     [id=134728, stack(0x000000df96700000,0x000000df96800000) (1024K)]
  0x00000254a1362cd0 WorkerThread "GC Thread#4"                     [id=73716, stack(0x000000df96800000,0x000000df96900000) (1024K)]
  0x00000254a20307f0 WorkerThread "GC Thread#5"                     [id=143276, stack(0x000000df96900000,0x000000df96a00000) (1024K)]
  0x00000254a2186a90 WorkerThread "GC Thread#6"                     [id=142544, stack(0x000000df96a00000,0x000000df96b00000) (1024K)]
  0x00000254a170b830 WorkerThread "GC Thread#7"                     [id=137444, stack(0x000000df96b00000,0x000000df96c00000) (1024K)]
  0x00000254a170c6b0 WorkerThread "GC Thread#8"                     [id=145064, stack(0x000000df96c00000,0x000000df96d00000) (1024K)]
  0x00000254a170ca50 WorkerThread "GC Thread#9"                     [id=144248, stack(0x000000df96d00000,0x000000df96e00000) (1024K)]
  0x00000254a170bf70 WorkerThread "GC Thread#10"                    [id=100228, stack(0x000000df96e00000,0x000000df96f00000) (1024K)]
  0x000002543ff96b80 ConcurrentGCThread "G1 Main Marker"            [id=144944, stack(0x000000df94b00000,0x000000df94c00000) (1024K)]
  0x000002543ff97d30 WorkerThread "G1 Conc#0"                       [id=139660, stack(0x000000df94c00000,0x000000df94d00000) (1024K)]
  0x000002545b277e40 ConcurrentGCThread "G1 Refine#0"               [id=144392, stack(0x000000df94d00000,0x000000df94e00000) (1024K)]
  0x000002545b278660 ConcurrentGCThread "G1 Service"                [id=144460, stack(0x000000df94e00000,0x000000df94f00000) (1024K)]
Total: 17

Threads with active compile tasks:
C2 CompilerThread0  647 1387       4       jdk.internal.misc.Unsafe::allocateUninitializedArray (55 bytes)
C2 CompilerThread1  647 1402       4       java.util.ArrayList$Itr::next (66 bytes)
C2 CompilerThread2  647 1431       4       java.lang.StringLatin1::charAt (15 bytes)
C2 CompilerThread3  647 1415       4       jdk.internal.util.ArraysSupport::signedHashCode (37 bytes)
C2 CompilerThread4  647 1425       4       java.util.regex.Matcher::reset (128 bytes)
C2 CompilerThread5  647 1430       4       java.lang.String::charAt (25 bytes)
C2 CompilerThread6  647 1435       4       java.lang.String::length (11 bytes)
Total: 7

VM state: not at safepoint (normal execution)

VM Mutex/Monitor currently owned by a thread: None

Heap address: 0x000000070c000000, size: 3904 MB, Compressed Oops mode: Zero based, Oop shift amount: 3

CDS archive(s) mapped at: [0x000002545c000000-0x000002545cd00000-0x000002545cd00000), size 13631488, SharedBaseAddress: 0x000002545c000000, ArchiveRelocationMode: 1.
Compressed class space mapped at: 0x000002545d000000-0x000002549d000000, reserved size: 1073741824
Narrow klass base: 0x000002545c000000, Narrow klass shift: 0, Narrow klass range: 0x100000000

GC Precious Log:
 CardTable entry size: 512
 Card Set container configuration: InlinePtr #cards 4 size 8 Array Of Cards #cards 16 size 48 Howl #buckets 8 coarsen threshold 3686 Howl Bitmap #cards 512 size 80 coarsen threshold 460 Card regions per heap region 1 cards per card region 4096
 CPUs: 16 total, 16 available
 Memory: 15611M
 Large Page Support: Disabled
 NUMA Support: Disabled
 Compressed Oops: Enabled (Zero based)
 Heap Region Size: 2M
 Heap Min Capacity: 8M
 Heap Initial Capacity: 244M
 Heap Max Capacity: 3904M
 Pre-touch: Disabled
 Parallel Workers: 13
 Concurrent Workers: 3
 Concurrent Refinement Workers: 13
 Periodic GC: Disabled

Heap:
 garbage-first heap   total 249856K, used 11163K [0x000000070c000000, 0x0000000800000000)
  region size 2048K, 7 young (14336K), 2 survivors (4096K)
 Metaspace       used 4902K, committed 5056K, reserved 1114112K
  class space    used 464K, committed 512K, reserved 1048576K

Heap Regions: E=young(eden), S=young(survivor), O=old, HS=humongous(starts), HC=humongous(continues), CS=collection set, F=free, TAMS=top-at-mark-start, PB=parsable bottom
|   0|0x000000070c000000, 0x000000070c000000, 0x000000070c200000|  0%| F|  |TAMS 0x000000070c000000| PB 0x000000070c000000| Untracked 
|   1|0x000000070c200000, 0x000000070c200000, 0x000000070c400000|  0%| F|  |TAMS 0x000000070c200000| PB 0x000000070c200000| Untracked 
|   2|0x000000070c400000, 0x000000070c400000, 0x000000070c600000|  0%| F|  |TAMS 0x000000070c400000| PB 0x000000070c400000| Untracked 
|   3|0x000000070c600000, 0x000000070c600000, 0x000000070c800000|  0%| F|  |TAMS 0x000000070c600000| PB 0x000000070c600000| Untracked 
|   4|0x000000070c800000, 0x000000070c800000, 0x000000070ca00000|  0%| F|  |TAMS 0x000000070c800000| PB 0x000000070c800000| Untracked 
|   5|0x000000070ca00000, 0x000000070ca00000, 0x000000070cc00000|  0%| F|  |TAMS 0x000000070ca00000| PB 0x000000070ca00000| Untracked 
|   6|0x000000070cc00000, 0x000000070cc00000, 0x000000070ce00000|  0%| F|  |TAMS 0x000000070cc00000| PB 0x000000070cc00000| Untracked 
|   7|0x000000070ce00000, 0x000000070ce00000, 0x000000070d000000|  0%| F|  |TAMS 0x000000070ce00000| PB 0x000000070ce00000| Untracked 
|   8|0x000000070d000000, 0x000000070d000000, 0x000000070d200000|  0%| F|  |TAMS 0x000000070d000000| PB 0x000000070d000000| Untracked 
|   9|0x000000070d200000, 0x000000070d200000, 0x000000070d400000|  0%| F|  |TAMS 0x000000070d200000| PB 0x000000070d200000| Untracked 
|  10|0x000000070d400000, 0x000000070d400000, 0x000000070d600000|  0%| F|  |TAMS 0x000000070d400000| PB 0x000000070d400000| Untracked 
|  11|0x000000070d600000, 0x000000070d600000, 0x000000070d800000|  0%| F|  |TAMS 0x000000070d600000| PB 0x000000070d600000| Untracked 
|  12|0x000000070d800000, 0x000000070d800000, 0x000000070da00000|  0%| F|  |TAMS 0x000000070d800000| PB 0x000000070d800000| Untracked 
|  13|0x000000070da00000, 0x000000070da00000, 0x000000070dc00000|  0%| F|  |TAMS 0x000000070da00000| PB 0x000000070da00000| Untracked 
|  14|0x000000070dc00000, 0x000000070dc00000, 0x000000070de00000|  0%| F|  |TAMS 0x000000070dc00000| PB 0x000000070dc00000| Untracked 
|  15|0x000000070de00000, 0x000000070de00000, 0x000000070e000000|  0%| F|  |TAMS 0x000000070de00000| PB 0x000000070de00000| Untracked 
|  16|0x000000070e000000, 0x000000070e000000, 0x000000070e200000|  0%| F|  |TAMS 0x000000070e000000| PB 0x000000070e000000| Untracked 
|  17|0x000000070e200000, 0x000000070e200000, 0x000000070e400000|  0%| F|  |TAMS 0x000000070e200000| PB 0x000000070e200000| Untracked 
|  18|0x000000070e400000, 0x000000070e400000, 0x000000070e600000|  0%| F|  |TAMS 0x000000070e400000| PB 0x000000070e400000| Untracked 
|  19|0x000000070e600000, 0x000000070e600000, 0x000000070e800000|  0%| F|  |TAMS 0x000000070e600000| PB 0x000000070e600000| Untracked 
|  20|0x000000070e800000, 0x000000070e800000, 0x000000070ea00000|  0%| F|  |TAMS 0x000000070e800000| PB 0x000000070e800000| Untracked 
|  21|0x000000070ea00000, 0x000000070ea00000, 0x000000070ec00000|  0%| F|  |TAMS 0x000000070ea00000| PB 0x000000070ea00000| Untracked 
|  22|0x000000070ec00000, 0x000000070ec00000, 0x000000070ee00000|  0%| F|  |TAMS 0x000000070ec00000| PB 0x000000070ec00000| Untracked 
|  23|0x000000070ee00000, 0x000000070ee00000, 0x000000070f000000|  0%| F|  |TAMS 0x000000070ee00000| PB 0x000000070ee00000| Untracked 
|  24|0x000000070f000000, 0x000000070f000000, 0x000000070f200000|  0%| F|  |TAMS 0x000000070f000000| PB 0x000000070f000000| Untracked 
|  25|0x000000070f200000, 0x000000070f200000, 0x000000070f400000|  0%| F|  |TAMS 0x000000070f200000| PB 0x000000070f200000| Untracked 
|  26|0x000000070f400000, 0x000000070f400000, 0x000000070f600000|  0%| F|  |TAMS 0x000000070f400000| PB 0x000000070f400000| Untracked 
|  27|0x000000070f600000, 0x000000070f600000, 0x000000070f800000|  0%| F|  |TAMS 0x000000070f600000| PB 0x000000070f600000| Untracked 
|  28|0x000000070f800000, 0x000000070f800000, 0x000000070fa00000|  0%| F|  |TAMS 0x000000070f800000| PB 0x000000070f800000| Untracked 
|  29|0x000000070fa00000, 0x000000070fa00000, 0x000000070fc00000|  0%| F|  |TAMS 0x000000070fa00000| PB 0x000000070fa00000| Untracked 
|  30|0x000000070fc00000, 0x000000070fc00000, 0x000000070fe00000|  0%| F|  |TAMS 0x000000070fc00000| PB 0x000000070fc00000| Untracked 
|  31|0x000000070fe00000, 0x000000070fe00000, 0x0000000710000000|  0%| F|  |TAMS 0x000000070fe00000| PB 0x000000070fe00000| Untracked 
|  32|0x0000000710000000, 0x0000000710000000, 0x0000000710200000|  0%| F|  |TAMS 0x0000000710000000| PB 0x0000000710000000| Untracked 
|  33|0x0000000710200000, 0x0000000710200000, 0x0000000710400000|  0%| F|  |TAMS 0x0000000710200000| PB 0x0000000710200000| Untracked 
|  34|0x0000000710400000, 0x0000000710400000, 0x0000000710600000|  0%| F|  |TAMS 0x0000000710400000| PB 0x0000000710400000| Untracked 
|  35|0x0000000710600000, 0x0000000710600000, 0x0000000710800000|  0%| F|  |TAMS 0x0000000710600000| PB 0x0000000710600000| Untracked 
|  36|0x0000000710800000, 0x0000000710800000, 0x0000000710a00000|  0%| F|  |TAMS 0x0000000710800000| PB 0x0000000710800000| Untracked 
|  37|0x0000000710a00000, 0x0000000710a00000, 0x0000000710c00000|  0%| F|  |TAMS 0x0000000710a00000| PB 0x0000000710a00000| Untracked 
|  38|0x0000000710c00000, 0x0000000710c00000, 0x0000000710e00000|  0%| F|  |TAMS 0x0000000710c00000| PB 0x0000000710c00000| Untracked 
|  39|0x0000000710e00000, 0x0000000710e00000, 0x0000000711000000|  0%| F|  |TAMS 0x0000000710e00000| PB 0x0000000710e00000| Untracked 
|  40|0x0000000711000000, 0x0000000711000000, 0x0000000711200000|  0%| F|  |TAMS 0x0000000711000000| PB 0x0000000711000000| Untracked 
|  41|0x0000000711200000, 0x0000000711200000, 0x0000000711400000|  0%| F|  |TAMS 0x0000000711200000| PB 0x0000000711200000| Untracked 
|  42|0x0000000711400000, 0x0000000711400000, 0x0000000711600000|  0%| F|  |TAMS 0x0000000711400000| PB 0x0000000711400000| Untracked 
|  43|0x0000000711600000, 0x0000000711600000, 0x0000000711800000|  0%| F|  |TAMS 0x0000000711600000| PB 0x0000000711600000| Untracked 
|  44|0x0000000711800000, 0x0000000711800000, 0x0000000711a00000|  0%| F|  |TAMS 0x0000000711800000| PB 0x0000000711800000| Untracked 
|  45|0x0000000711a00000, 0x0000000711a00000, 0x0000000711c00000|  0%| F|  |TAMS 0x0000000711a00000| PB 0x0000000711a00000| Untracked 
|  46|0x0000000711c00000, 0x0000000711c00000, 0x0000000711e00000|  0%| F|  |TAMS 0x0000000711c00000| PB 0x0000000711c00000| Untracked 
|  47|0x0000000711e00000, 0x0000000711e00000, 0x0000000712000000|  0%| F|  |TAMS 0x0000000711e00000| PB 0x0000000711e00000| Untracked 
|  48|0x0000000712000000, 0x0000000712000000, 0x0000000712200000|  0%| F|  |TAMS 0x0000000712000000| PB 0x0000000712000000| Untracked 
|  49|0x0000000712200000, 0x0000000712200000, 0x0000000712400000|  0%| F|  |TAMS 0x0000000712200000| PB 0x0000000712200000| Untracked 
|  50|0x0000000712400000, 0x0000000712400000, 0x0000000712600000|  0%| F|  |TAMS 0x0000000712400000| PB 0x0000000712400000| Untracked 
|  51|0x0000000712600000, 0x0000000712600000, 0x0000000712800000|  0%| F|  |TAMS 0x0000000712600000| PB 0x0000000712600000| Untracked 
|  52|0x0000000712800000, 0x0000000712800000, 0x0000000712a00000|  0%| F|  |TAMS 0x0000000712800000| PB 0x0000000712800000| Untracked 
|  53|0x0000000712a00000, 0x0000000712a00000, 0x0000000712c00000|  0%| F|  |TAMS 0x0000000712a00000| PB 0x0000000712a00000| Untracked 
|  54|0x0000000712c00000, 0x0000000712c00000, 0x0000000712e00000|  0%| F|  |TAMS 0x0000000712c00000| PB 0x0000000712c00000| Untracked 
|  55|0x0000000712e00000, 0x0000000712e00000, 0x0000000713000000|  0%| F|  |TAMS 0x0000000712e00000| PB 0x0000000712e00000| Untracked 
|  56|0x0000000713000000, 0x0000000713000000, 0x0000000713200000|  0%| F|  |TAMS 0x0000000713000000| PB 0x0000000713000000| Untracked 
|  57|0x0000000713200000, 0x0000000713200000, 0x0000000713400000|  0%| F|  |TAMS 0x0000000713200000| PB 0x0000000713200000| Untracked 
|  58|0x0000000713400000, 0x0000000713400000, 0x0000000713600000|  0%| F|  |TAMS 0x0000000713400000| PB 0x0000000713400000| Untracked 
|  59|0x0000000713600000, 0x0000000713600000, 0x0000000713800000|  0%| F|  |TAMS 0x0000000713600000| PB 0x0000000713600000| Untracked 
|  60|0x0000000713800000, 0x0000000713800000, 0x0000000713a00000|  0%| F|  |TAMS 0x0000000713800000| PB 0x0000000713800000| Untracked 
|  61|0x0000000713a00000, 0x0000000713a00000, 0x0000000713c00000|  0%| F|  |TAMS 0x0000000713a00000| PB 0x0000000713a00000| Untracked 
|  62|0x0000000713c00000, 0x0000000713c00000, 0x0000000713e00000|  0%| F|  |TAMS 0x0000000713c00000| PB 0x0000000713c00000| Untracked 
|  63|0x0000000713e00000, 0x0000000713e00000, 0x0000000714000000|  0%| F|  |TAMS 0x0000000713e00000| PB 0x0000000713e00000| Untracked 
|  64|0x0000000714000000, 0x0000000714000000, 0x0000000714200000|  0%| F|  |TAMS 0x0000000714000000| PB 0x0000000714000000| Untracked 
|  65|0x0000000714200000, 0x0000000714200000, 0x0000000714400000|  0%| F|  |TAMS 0x0000000714200000| PB 0x0000000714200000| Untracked 
|  66|0x0000000714400000, 0x0000000714400000, 0x0000000714600000|  0%| F|  |TAMS 0x0000000714400000| PB 0x0000000714400000| Untracked 
|  67|0x0000000714600000, 0x0000000714600000, 0x0000000714800000|  0%| F|  |TAMS 0x0000000714600000| PB 0x0000000714600000| Untracked 
|  68|0x0000000714800000, 0x0000000714800000, 0x0000000714a00000|  0%| F|  |TAMS 0x0000000714800000| PB 0x0000000714800000| Untracked 
|  69|0x0000000714a00000, 0x0000000714a00000, 0x0000000714c00000|  0%| F|  |TAMS 0x0000000714a00000| PB 0x0000000714a00000| Untracked 
|  70|0x0000000714c00000, 0x0000000714c00000, 0x0000000714e00000|  0%| F|  |TAMS 0x0000000714c00000| PB 0x0000000714c00000| Untracked 
|  71|0x0000000714e00000, 0x0000000714e00000, 0x0000000715000000|  0%| F|  |TAMS 0x0000000714e00000| PB 0x0000000714e00000| Untracked 
|  72|0x0000000715000000, 0x0000000715000000, 0x0000000715200000|  0%| F|  |TAMS 0x0000000715000000| PB 0x0000000715000000| Untracked 
|  73|0x0000000715200000, 0x0000000715200000, 0x0000000715400000|  0%| F|  |TAMS 0x0000000715200000| PB 0x0000000715200000| Untracked 
|  74|0x0000000715400000, 0x0000000715400000, 0x0000000715600000|  0%| F|  |TAMS 0x0000000715400000| PB 0x0000000715400000| Untracked 
|  75|0x0000000715600000, 0x0000000715600000, 0x0000000715800000|  0%| F|  |TAMS 0x0000000715600000| PB 0x0000000715600000| Untracked 
|  76|0x0000000715800000, 0x0000000715800000, 0x0000000715a00000|  0%| F|  |TAMS 0x0000000715800000| PB 0x0000000715800000| Untracked 
|  77|0x0000000715a00000, 0x0000000715a00000, 0x0000000715c00000|  0%| F|  |TAMS 0x0000000715a00000| PB 0x0000000715a00000| Untracked 
|  78|0x0000000715c00000, 0x0000000715c00000, 0x0000000715e00000|  0%| F|  |TAMS 0x0000000715c00000| PB 0x0000000715c00000| Untracked 
|  79|0x0000000715e00000, 0x0000000715e00000, 0x0000000716000000|  0%| F|  |TAMS 0x0000000715e00000| PB 0x0000000715e00000| Untracked 
|  80|0x0000000716000000, 0x0000000716000000, 0x0000000716200000|  0%| F|  |TAMS 0x0000000716000000| PB 0x0000000716000000| Untracked 
|  81|0x0000000716200000, 0x0000000716200000, 0x0000000716400000|  0%| F|  |TAMS 0x0000000716200000| PB 0x0000000716200000| Untracked 
|  82|0x0000000716400000, 0x0000000716400000, 0x0000000716600000|  0%| F|  |TAMS 0x0000000716400000| PB 0x0000000716400000| Untracked 
|  83|0x0000000716600000, 0x0000000716600000, 0x0000000716800000|  0%| F|  |TAMS 0x0000000716600000| PB 0x0000000716600000| Untracked 
|  84|0x0000000716800000, 0x0000000716800000, 0x0000000716a00000|  0%| F|  |TAMS 0x0000000716800000| PB 0x0000000716800000| Untracked 
|  85|0x0000000716a00000, 0x0000000716a00000, 0x0000000716c00000|  0%| F|  |TAMS 0x0000000716a00000| PB 0x0000000716a00000| Untracked 
|  86|0x0000000716c00000, 0x0000000716c00000, 0x0000000716e00000|  0%| F|  |TAMS 0x0000000716c00000| PB 0x0000000716c00000| Untracked 
|  87|0x0000000716e00000, 0x0000000716e00000, 0x0000000717000000|  0%| F|  |TAMS 0x0000000716e00000| PB 0x0000000716e00000| Untracked 
|  88|0x0000000717000000, 0x0000000717000000, 0x0000000717200000|  0%| F|  |TAMS 0x0000000717000000| PB 0x0000000717000000| Untracked 
|  89|0x0000000717200000, 0x0000000717200000, 0x0000000717400000|  0%| F|  |TAMS 0x0000000717200000| PB 0x0000000717200000| Untracked 
|  90|0x0000000717400000, 0x0000000717400000, 0x0000000717600000|  0%| F|  |TAMS 0x0000000717400000| PB 0x0000000717400000| Untracked 
|  91|0x0000000717600000, 0x0000000717600000, 0x0000000717800000|  0%| F|  |TAMS 0x0000000717600000| PB 0x0000000717600000| Untracked 
|  92|0x0000000717800000, 0x0000000717800000, 0x0000000717a00000|  0%| F|  |TAMS 0x0000000717800000| PB 0x0000000717800000| Untracked 
|  93|0x0000000717a00000, 0x0000000717a00000, 0x0000000717c00000|  0%| F|  |TAMS 0x0000000717a00000| PB 0x0000000717a00000| Untracked 
|  94|0x0000000717c00000, 0x0000000717c00000, 0x0000000717e00000|  0%| F|  |TAMS 0x0000000717c00000| PB 0x0000000717c00000| Untracked 
|  95|0x0000000717e00000, 0x0000000717e00000, 0x0000000718000000|  0%| F|  |TAMS 0x0000000717e00000| PB 0x0000000717e00000| Untracked 
|  96|0x0000000718000000, 0x0000000718000000, 0x0000000718200000|  0%| F|  |TAMS 0x0000000718000000| PB 0x0000000718000000| Untracked 
|  97|0x0000000718200000, 0x0000000718200000, 0x0000000718400000|  0%| F|  |TAMS 0x0000000718200000| PB 0x0000000718200000| Untracked 
|  98|0x0000000718400000, 0x0000000718400000, 0x0000000718600000|  0%| F|  |TAMS 0x0000000718400000| PB 0x0000000718400000| Untracked 
|  99|0x0000000718600000, 0x0000000718600000, 0x0000000718800000|  0%| F|  |TAMS 0x0000000718600000| PB 0x0000000718600000| Untracked 
| 100|0x0000000718800000, 0x0000000718800000, 0x0000000718a00000|  0%| F|  |TAMS 0x0000000718800000| PB 0x0000000718800000| Untracked 
| 101|0x0000000718a00000, 0x0000000718a00000, 0x0000000718c00000|  0%| F|  |TAMS 0x0000000718a00000| PB 0x0000000718a00000| Untracked 
| 102|0x0000000718c00000, 0x0000000718c00000, 0x0000000718e00000|  0%| F|  |TAMS 0x0000000718c00000| PB 0x0000000718c00000| Untracked 
| 103|0x0000000718e00000, 0x0000000718e00000, 0x0000000719000000|  0%| F|  |TAMS 0x0000000718e00000| PB 0x0000000718e00000| Untracked 
| 104|0x0000000719000000, 0x0000000719000000, 0x0000000719200000|  0%| F|  |TAMS 0x0000000719000000| PB 0x0000000719000000| Untracked 
| 105|0x0000000719200000, 0x0000000719200000, 0x0000000719400000|  0%| F|  |TAMS 0x0000000719200000| PB 0x0000000719200000| Untracked 
| 106|0x0000000719400000, 0x0000000719400000, 0x0000000719600000|  0%| F|  |TAMS 0x0000000719400000| PB 0x0000000719400000| Untracked 
| 107|0x0000000719600000, 0x0000000719600000, 0x0000000719800000|  0%| F|  |TAMS 0x0000000719600000| PB 0x0000000719600000| Untracked 
| 108|0x0000000719800000, 0x0000000719800000, 0x0000000719a00000|  0%| F|  |TAMS 0x0000000719800000| PB 0x0000000719800000| Untracked 
| 109|0x0000000719a00000, 0x0000000719ae6de0, 0x0000000719c00000| 45%| S|CS|TAMS 0x0000000719a00000| PB 0x0000000719a00000| Complete 
| 110|0x0000000719c00000, 0x0000000719e00000, 0x0000000719e00000|100%| S|CS|TAMS 0x0000000719c00000| PB 0x0000000719c00000| Complete 
| 111|0x0000000719e00000, 0x0000000719e00000, 0x000000071a000000|  0%| F|  |TAMS 0x0000000719e00000| PB 0x0000000719e00000| Untracked 
| 112|0x000000071a000000, 0x000000071a000000, 0x000000071a200000|  0%| F|  |TAMS 0x000000071a000000| PB 0x000000071a000000| Untracked 
| 113|0x000000071a200000, 0x000000071a200000, 0x000000071a400000|  0%| F|  |TAMS 0x000000071a200000| PB 0x000000071a200000| Untracked 
| 114|0x000000071a400000, 0x000000071a400000, 0x000000071a600000|  0%| F|  |TAMS 0x000000071a400000| PB 0x000000071a400000| Untracked 
| 115|0x000000071a600000, 0x000000071a600000, 0x000000071a800000|  0%| F|  |TAMS 0x000000071a600000| PB 0x000000071a600000| Untracked 
| 116|0x000000071a800000, 0x000000071a800000, 0x000000071aa00000|  0%| F|  |TAMS 0x000000071a800000| PB 0x000000071a800000| Untracked 
| 117|0x000000071aa00000, 0x000000071ab49180, 0x000000071ac00000| 64%| E|  |TAMS 0x000000071aa00000| PB 0x000000071aa00000| Complete 
| 118|0x000000071ac00000, 0x000000071ae00000, 0x000000071ae00000|100%| E|CS|TAMS 0x000000071ac00000| PB 0x000000071ac00000| Complete 
| 119|0x000000071ae00000, 0x000000071b000000, 0x000000071b000000|100%| E|CS|TAMS 0x000000071ae00000| PB 0x000000071ae00000| Complete 
| 120|0x000000071b000000, 0x000000071b200000, 0x000000071b200000|100%| E|CS|TAMS 0x000000071b000000| PB 0x000000071b000000| Complete 
| 121|0x000000071b200000, 0x000000071b400000, 0x000000071b400000|100%| E|CS|TAMS 0x000000071b200000| PB 0x000000071b200000| Complete 

Card table byte_map: [0x0000025453ee0000,0x0000025454680000] _byte_map_base: 0x0000025450680000

Marking Bits: (CMBitMap*) 0x000002543ff86cf0
 Bits: [0x0000025454680000, 0x0000025458380000)

Polling page: 0x000002543f6e0000

Metaspace:

Usage:
  Non-class:      4.33 MB used.
      Class:    464.32 KB used.
       Both:      4.79 MB used.

Virtual space:
  Non-class space:       64.00 MB reserved,       4.44 MB (  7%) committed,  1 nodes.
      Class space:        1.00 GB reserved,     512.00 KB ( <1%) committed,  1 nodes.
             Both:        1.06 GB reserved,       4.94 MB ( <1%) committed. 

Chunk freelists:
   Non-Class:  10.36 MB
       Class:  15.51 MB
        Both:  25.87 MB

MaxMetaspaceSize: unlimited
CompressedClassSpaceSize: 1.00 GB
Initial GC threshold: 21.00 MB
Current GC threshold: 21.00 MB
CDS: on
 - commit_granule_bytes: 65536.
 - commit_granule_words: 8192.
 - virtual_space_node_default_size: 8388608.
 - enlarge_chunks_in_place: 1.
 - use_allocation_guard: 0.


Internal statistics:

num_allocs_failed_limit: 0.
num_arena_births: 60.
num_arena_deaths: 0.
num_vsnodes_births: 2.
num_vsnodes_deaths: 0.
num_space_committed: 79.
num_space_uncommitted: 0.
num_chunks_returned_to_freelist: 0.
num_chunks_taken_from_freelist: 148.
num_chunk_merges: 0.
num_chunk_splits: 101.
num_chunks_enlarged: 78.
num_inconsistent_stats: 0.

CodeHeap 'non-profiled nmethods': size=119168Kb used=480Kb max_used=480Kb free=118687Kb
 bounds [0x000002544ba50000, 0x000002544bcc0000, 0x0000025452eb0000]
CodeHeap 'profiled nmethods': size=119104Kb used=3362Kb max_used=3362Kb free=115742Kb
 bounds [0x0000025443eb0000, 0x0000025444200000, 0x000002544b300000]
CodeHeap 'non-nmethods': size=7488Kb used=3097Kb max_used=3143Kb free=4390Kb
 bounds [0x000002544b300000, 0x000002544b620000, 0x000002544ba50000]
 total_blobs=2076 nmethods=1623 adapters=355
 compilation: enabled
              stopped_count=0, restarted_count=0
 full_count=0

Compilation events (20 events):
Event: 0.599 Thread 0x000002545b3ed350 1412       3       org.jetbrains.capture.org.objectweb.asm.Type::getInternalName (12 bytes)
Event: 0.600 Thread 0x000002545b3ed350 nmethod 1412 0x0000025444181910 code [0x0000025444181ae0, 0x0000025444181d08]
Event: 0.600 Thread 0x000002545b3ed350 1416       2       java.lang.System::getSecurityManager (12 bytes)
Event: 0.600 Thread 0x000002545b8a3130 nmethod 1410 0x0000025444181e10 code [0x0000025444182000, 0x00000254441823c8]
Event: 0.600 Thread 0x000002545b3ed350 nmethod 1416 0x0000025444182590 code [0x0000025444182720, 0x0000025444182810]
Event: 0.600 Thread 0x000002545b8a3130 1417       2       java.lang.System::allowSecurityManager (13 bytes)
Event: 0.600 Thread 0x000002545b3ed350 1413       3       java.lang.StringConcatHelper::newArray (40 bytes)
Event: 0.600 Thread 0x00000254a28b3af0 

Event: 0.600 Thread 0x00000254a28b3af0 1414       4       java.lang.StringLatin1::replace (198 bytes)
Event: 0.600 Thread 0x000002545b8a3130 nmethod 1417 0x0000025444182890 code [0x0000025444182a20, 0x0000025444182b08]
Event: 0.600 Thread 0x000002545b8a3130 1421       3       java.lang.Boolean::parseBoolean (7 bytes)
Event: 0.600 Thread 0x000002545b8a3130 nmethod 1421 0x0000025444182b90 code [0x0000025444182d40, 0x0000025444182e70]
Event: 0.600 Thread 0x000002545b8a3130 1420       3       java.lang.String::equalsIgnoreCase (45 bytes)
Event: 0.600 Thread 0x000002545b3ed350 nmethod 1413 0x0000025444182f10 code [0x00000254441830e0, 0x0000025444183428]
Event: 0.600 Thread 0x00000254a277c3d0 1415       4       jdk.internal.util.ArraysSupport::signedHashCode (37 bytes)
Event: 0.600 Thread 0x000002545b3ed350 1424       3       java.util.LinkedHashMap::valuesToArray (80 bytes)
Event: 0.600 Thread 0x000002545b8a3130 nmethod 1420 0x0000025444183510 code [0x0000025444183700, 0x0000025444183c50]
Event: 0.600 Thread 0x000002545b3ed350 nmethod 1424 0x0000025444183e10 code [0x0000025444184000, 0x0000025444184648]
Event: 0.601 Thread 0x000002545b8a3130 1432       3       java.util.regex.Pattern$Begin::match (62 bytes)
Event: 0.601 Thread 0x000002545b3ed350 1434       3       jdk.internal.util.Preconditions::checkIndex (18 bytes)

GC Heap History (2 events):
Event: 0.474 GC heap before
{Heap before GC invocations=0 (full 0):
 garbage-first heap   total 249856K, used 22528K [0x000000070c000000, 0x0000000800000000)
  region size 2048K, 11 young (22528K), 0 survivors (0K)
 Metaspace       used 3318K, committed 3456K, reserved 1114112K
  class space    used 312K, committed 384K, reserved 1048576K
}
Event: 0.477 GC heap after
{Heap after GC invocations=1 (full 0):
 garbage-first heap   total 249856K, used 2971K [0x000000070c000000, 0x0000000800000000)
  region size 2048K, 2 young (4096K), 2 survivors (4096K)
 Metaspace       used 3318K, committed 3456K, reserved 1114112K
  class space    used 312K, committed 384K, reserved 1048576K
}

Dll operation events (2 events):
Event: 0.012 Loaded shared library C:\Users\messi\Downloads\jbr_jcef-21.0.5-windows-x64-b631.30\jbr_jcef-21.0.5-windows-x64-b631.30\bin\java.dll
Event: 0.014 Loaded shared library C:\Users\messi\Downloads\jbr_jcef-21.0.5-windows-x64-b631.30\jbr_jcef-21.0.5-windows-x64-b631.30\bin\zip.dll

Deoptimization events (20 events):
Event: 0.544 Thread 0x000002543ff204a0 Uncommon trap: trap_request=0xffffff45 fr.pc=0x000002544baa7ad4 relative=0x00000000000000b4
Event: 0.544 Thread 0x000002543ff204a0 Uncommon trap: reason=unstable_if action=reinterpret pc=0x000002544baa7ad4 method=java.util.HashMap.hash(Ljava/lang/Object;)I @ 1 c2
Event: 0.544 Thread 0x000002543ff204a0 DEOPT PACKING pc=0x000002544baa7ad4 sp=0x000000df949fd480
Event: 0.544 Thread 0x000002543ff204a0 DEOPT UNPACKING pc=0x000002544b3546a2 sp=0x000000df949fd418 mode 2
Event: 0.545 Thread 0x000002543ff204a0 Uncommon trap: trap_request=0xffffff45 fr.pc=0x000002544ba80f28 relative=0x00000000000003c8
Event: 0.545 Thread 0x000002543ff204a0 Uncommon trap: reason=unstable_if action=reinterpret pc=0x000002544ba80f28 method=java.util.zip.Inflater.inflate([BII)I @ 345 c2
Event: 0.545 Thread 0x000002543ff204a0 DEOPT PACKING pc=0x000002544ba80f28 sp=0x000000df949fd090
Event: 0.545 Thread 0x000002543ff204a0 DEOPT UNPACKING pc=0x000002544b3546a2 sp=0x000000df949fd008 mode 2
Event: 0.545 Thread 0x000002543ff204a0 Uncommon trap: trap_request=0xffffff6e fr.pc=0x000002544ba79a00 relative=0x00000000000008a0
Event: 0.545 Thread 0x000002543ff204a0 Uncommon trap: reason=loop_limit_check action=maybe_recompile pc=0x000002544ba79a00 method=java.util.regex.Pattern$Start.match(Ljava/util/regex/Matcher;ILjava/lang/CharSequence;)Z @ 34 c2
Event: 0.545 Thread 0x000002543ff204a0 DEOPT PACKING pc=0x000002544ba79a00 sp=0x000000df949fd190
Event: 0.545 Thread 0x000002543ff204a0 DEOPT UNPACKING pc=0x000002544b3546a2 sp=0x000000df949fd0f0 mode 2
Event: 0.545 Thread 0x000002543ff204a0 Uncommon trap: trap_request=0xffffff45 fr.pc=0x000002544ba84ce8 relative=0x0000000000000728
Event: 0.545 Thread 0x000002543ff204a0 Uncommon trap: reason=unstable_if action=reinterpret pc=0x000002544ba84ce8 method=java.util.zip.InflaterInputStream.read([BII)I @ 37 c2
Event: 0.545 Thread 0x000002543ff204a0 DEOPT PACKING pc=0x000002544ba84ce8 sp=0x000000df949fd120
Event: 0.545 Thread 0x000002543ff204a0 DEOPT UNPACKING pc=0x000002544b3546a2 sp=0x000000df949fd110 mode 2
Event: 0.545 Thread 0x000002543ff204a0 Uncommon trap: trap_request=0xffffff45 fr.pc=0x000002544baa6d98 relative=0x0000000000001178
Event: 0.545 Thread 0x000002543ff204a0 Uncommon trap: reason=unstable_if action=reinterpret pc=0x000002544baa6d98 method=java.util.HashMap.hash(Ljava/lang/Object;)I @ 1 c2
Event: 0.545 Thread 0x000002543ff204a0 DEOPT PACKING pc=0x000002544baa6d98 sp=0x000000df949fd4c0
Event: 0.545 Thread 0x000002543ff204a0 DEOPT UNPACKING pc=0x000002544b3546a2 sp=0x000000df949fd490 mode 2

Classes loaded (20 events):
Event: 0.576 Loading class org/jetbrains/capture/org/objectweb/asm/Opcodes done
Event: 0.577 Loading class com/intellij/rt/debugger/agent/ThrowableTransformer$1$2
Event: 0.577 Loading class com/intellij/rt/debugger/agent/ThrowableTransformer$1$2 done
Event: 0.577 Loading class org/jetbrains/capture/org/objectweb/asm/Handler
Event: 0.577 Loading class org/jetbrains/capture/org/objectweb/asm/Handler done
Event: 0.578 Loading class org/jetbrains/capture/org/objectweb/asm/AnnotationWriter
Event: 0.578 Loading class org/jetbrains/capture/org/objectweb/asm/AnnotationVisitor
Event: 0.578 Loading class org/jetbrains/capture/org/objectweb/asm/AnnotationVisitor done
Event: 0.578 Loading class org/jetbrains/capture/org/objectweb/asm/AnnotationWriter done
Event: 0.579 Loading class com/intellij/rt/debugger/agent/CaptureStorage$ConcurrentIdentityWeakHashMap
Event: 0.579 Loading class com/intellij/rt/debugger/agent/CaptureStorage$ConcurrentIdentityWeakHashMap done
Event: 0.579 Loading class com/intellij/rt/debugger/agent/CaptureStorage$1
Event: 0.579 Loading class com/intellij/rt/debugger/agent/CaptureStorage$1 done
Event: 0.579 Loading class com/intellij/rt/debugger/agent/CaptureStorage$2
Event: 0.579 Loading class com/intellij/rt/debugger/agent/CaptureStorage$2 done
Event: 0.580 Loading class java/lang/ClassFormatError
Event: 0.580 Loading class java/lang/ClassFormatError done
Event: 0.580 Loading class org/hotswap/agent/javassist/compiler/CompileError
Event: 0.580 Loading class org/hotswap/agent/javassist/compiler/CompileError done
Event: 0.600 Loading class com/intellij/rt/debugger/agent/CaptureAgent$CaptureTransformer

Classes unloaded (0 events):
No events

Classes redefined (20 events):
Event: 0.582 Thread 0x000002545b3bd000 redefined class name=java.lang.IllegalArgumentException, count=1
Event: 0.582 Thread 0x000002545b3bd000 redefined class name=java.nio.file.InvalidPathException, count=1
Event: 0.582 Thread 0x000002545b3bd000 redefined class name=java.lang.NullPointerException, count=1
Event: 0.582 Thread 0x000002545b3bd000 redefined class name=java.lang.NumberFormatException, count=1
Event: 0.582 Thread 0x000002545b3bd000 redefined class name=java.lang.IllegalMonitorStateException, count=1
Event: 0.582 Thread 0x000002545b3bd000 redefined class name=java.lang.ArithmeticException, count=1
Event: 0.582 Thread 0x000002545b3bd000 redefined class name=java.lang.LinkageError, count=1
Event: 0.582 Thread 0x000002545b3bd000 redefined class name=java.lang.IncompatibleClassChangeError, count=1
Event: 0.582 Thread 0x000002545b3bd000 redefined class name=java.lang.VirtualMachineError, count=1
Event: 0.582 Thread 0x000002545b3bd000 redefined class name=java.lang.ArrayStoreException, count=1
Event: 0.582 Thread 0x000002545b3bd000 redefined class name=java.lang.ClassCastException, count=1
Event: 0.582 Thread 0x000002545b3bd000 redefined class name=java.lang.NoClassDefFoundError, count=1
Event: 0.582 Thread 0x000002545b3bd000 redefined class name=java.lang.InternalError, count=1
Event: 0.582 Thread 0x000002545b3bd000 redefined class name=java.lang.NoSuchMethodError, count=1
Event: 0.582 Thread 0x000002545b3bd000 redefined class name=java.lang.IllegalAccessError, count=1
Event: 0.582 Thread 0x000002545b3bd000 redefined class name=java.lang.OutOfMemoryError, count=1
Event: 0.582 Thread 0x000002545b3bd000 redefined class name=java.lang.StackOverflowError, count=1
Event: 0.582 Thread 0x000002545b3bd000 redefined class name=java.lang.BootstrapMethodError, count=1
Event: 0.582 Thread 0x000002545b3bd000 redefined class name=org.hotswap.agent.javassist.compiler.CompileError, count=1
Event: 0.582 Thread 0x000002545b3bd000 redefined class name=java.lang.ClassFormatError, count=1

Internal exceptions (13 events):
Event: 0.170 Thread 0x000002543ff204a0 Exception <a 'java/lang/NoSuchMethodError'{0x000000071aca2bd0}: 'void java.lang.invoke.DirectMethodHandle$Holder.invokeStatic(java.lang.Object, java.lang.Object, java.lang.Object)'> (0x000000071aca2bd0) 
thrown [s\src\hotspot\share\interpreter\linkResolver.cpp, line 784]
Event: 0.176 Thread 0x000002543ff204a0 Exception <a 'java/lang/NoSuchMethodError'{0x000000071acba6e8}: 'java.lang.Object java.lang.invoke.Invokers$Holder.invokeExact_MT(java.lang.Object, java.lang.Object, java.lang.Object, java.lang.Object, java.lang.Object)'> (0x000000071acba6e8) 
thrown [s\src\hotspot\share\interpreter\linkResolver.cpp, line 784]
Event: 0.378 Thread 0x000002543ff204a0 Exception <a 'java/lang/NoSuchMethodError'{0x000000071a0e7fd8}: 'java.lang.Object java.lang.invoke.DirectMethodHandle$Holder.newInvokeSpecial(java.lang.Object, java.lang.Object, java.lang.Object, java.lang.Object, java.lang.Object)'> (0x000000071a0e7fd8) 
thrown [s\src\hotspot\share\interpreter\linkResolver.cpp, line 784]
Event: 0.381 Thread 0x000002543ff204a0 Exception <a 'java/lang/NoSuchMethodError'{0x000000071a0fed00}: 'java.lang.Object java.lang.invoke.DirectMethodHandle$Holder.invokeInterface(java.lang.Object, java.lang.Object)'> (0x000000071a0fed00) 
thrown [s\src\hotspot\share\interpreter\linkResolver.cpp, line 784]
Event: 0.382 Thread 0x000002543ff204a0 Exception <a 'java/lang/IncompatibleClassChangeError'{0x000000071a101f88}: Found class java.lang.Object, but interface was expected> (0x000000071a101f88) 
thrown [s\src\hotspot\share\interpreter\linkResolver.cpp, line 851]
Event: 0.387 Thread 0x000002543ff204a0 Exception <a 'java/lang/NoSuchMethodError'{0x000000071a126010}: 'void java.lang.invoke.DirectMethodHandle$Holder.invokeSpecial(java.lang.Object, java.lang.Object, java.lang.Object)'> (0x000000071a126010) 
thrown [s\src\hotspot\share\interpreter\linkResolver.cpp, line 784]
Event: 0.388 Thread 0x000002543ff204a0 Exception <a 'java/lang/NoSuchMethodError'{0x000000071a12cb40}: 'void java.lang.invoke.Invokers$Holder.invokeExact_MT(java.lang.Object, java.lang.Object, java.lang.Object)'> (0x000000071a12cb40) 
thrown [s\src\hotspot\share\interpreter\linkResolver.cpp, line 784]
Event: 0.395 Thread 0x000002543ff204a0 Exception <a 'java/lang/NoSuchMethodError'{0x000000071a16c478}: 'void java.lang.invoke.DirectMethodHandle$Holder.invokeStatic(java.lang.Object, java.lang.Object, java.lang.Object, java.lang.Object)'> (0x000000071a16c478) 
thrown [s\src\hotspot\share\interpreter\linkResolver.cpp, line 784]
Event: 0.396 Thread 0x000002543ff204a0 Exception <a 'java/lang/NoSuchMethodError'{0x000000071a170308}: 'void java.lang.invoke.DirectMethodHandle$Holder.invokeSpecial(java.lang.Object, java.lang.Object, java.lang.Object, java.lang.Object, java.lang.Object)'> (0x000000071a170308) 
thrown [s\src\hotspot\share\interpreter\linkResolver.cpp, line 784]
Event: 0.399 Thread 0x000002543ff204a0 Exception <a 'java/lang/NoSuchMethodError'{0x000000071a186590}: 'java.lang.Object java.lang.invoke.Invokers$Holder.invokeExact_MT(java.lang.Object, java.lang.Object, java.lang.Object, java.lang.Object, java.lang.Object, java.lang.Object)'> (0x000000071a186590) 
thrown [s\src\hotspot\share\interpreter\linkResolver.cpp, line 784]
Event: 0.543 Thread 0x000002543ff204a0 Implicit null exception at 0x000002544baa023f to 0x000002544baa05d8
Event: 0.544 Thread 0x000002543ff204a0 Implicit null exception at 0x000002544baa7a3d to 0x000002544baa7ac5
Event: 0.545 Thread 0x000002543ff204a0 Implicit null exception at 0x000002544baa5c71 to 0x000002544baa6d84

ZGC Phase Switch (0 events):
No events

VM Operations (20 events):
Event: 0.064 Executing VM operation: HandshakeAllThreads (Deoptimize)
Event: 0.064 Executing VM operation: HandshakeAllThreads (Deoptimize) done
Event: 0.096 Executing VM operation: ChangeBreakpoints
Event: 0.096 Executing VM operation: ChangeBreakpoints done
Event: 0.097 Executing VM operation: ChangeBreakpoints
Event: 0.097 Executing VM operation: ChangeBreakpoints done
Event: 0.157 Executing VM operation: HandshakeAllThreads (Deoptimize)
Event: 0.157 Executing VM operation: HandshakeAllThreads (Deoptimize) done
Event: 0.181 Executing VM operation: HandshakeAllThreads (Deoptimize)
Event: 0.181 Executing VM operation: HandshakeAllThreads (Deoptimize) done
Event: 0.413 Executing VM operation: HandshakeAllThreads (Deoptimize)
Event: 0.413 Executing VM operation: HandshakeAllThreads (Deoptimize) done
Event: 0.474 Executing VM operation: G1CollectForAllocation (G1 Evacuation Pause)
Event: 0.477 Executing VM operation: G1CollectForAllocation (G1 Evacuation Pause) done
Event: 0.582 Executing VM operation: HandshakeAllThreads (Deoptimize)
Event: 0.582 Executing VM operation: HandshakeAllThreads (Deoptimize) done
Event: 0.582 Executing VM operation: RedefineClasses (Heap Inspection Initiated GC)
Event: 0.596 Executing VM operation: RedefineClasses (Heap Inspection Initiated GC) done
Event: 0.598 Executing VM operation: get/set locals
Event: 0.598 Executing VM operation: get/set locals done

Memory protections (0 events):
No events

Nmethod flushes (0 events):
No events

Events (20 events):
Event: 0.040 Thread 0x000002543ff204a0 Thread added: 0x000002545b3ed350
Event: 0.059 Thread 0x000002543ff204a0 Thread added: 0x000002545b72f6b0
Event: 0.064 Thread 0x000002545b3ed350 Thread added: 0x000002545b735270
Event: 0.079 Thread 0x000002543ff204a0 Thread added: 0x000002545b8247c0
Event: 0.079 Thread 0x000002543ff204a0 Thread added: 0x000002545b947ac0
Event: 0.079 Thread 0x000002545b8247c0 Thread added: 0x000002545b948150
Event: 0.099 Loaded shared library C:\Users\messi\Downloads\jbr_jcef-21.0.5-windows-x64-b631.30\jbr_jcef-21.0.5-windows-x64-b631.30\bin\instrument.dll
Event: 0.105 Loaded shared library C:\Users\messi\Downloads\jbr_jcef-21.0.5-windows-x64-b631.30\jbr_jcef-21.0.5-windows-x64-b631.30\bin\net.dll
Event: 0.106 Loaded shared library C:\Users\messi\Downloads\jbr_jcef-21.0.5-windows-x64-b631.30\jbr_jcef-21.0.5-windows-x64-b631.30\bin\nio.dll
Event: 0.112 Loaded shared library C:\Users\messi\Downloads\jbr_jcef-21.0.5-windows-x64-b631.30\jbr_jcef-21.0.5-windows-x64-b631.30\bin\zip.dll
Event: 0.127 Thread 0x000002545b3ed350 Thread added: 0x000002545b89ea80
Event: 0.128 Thread 0x000002545b89ea80 Thread added: 0x000002545b8a3130
Event: 0.136 Loaded shared library C:\Users\messi\Downloads\jbr_jcef-21.0.5-windows-x64-b631.30\jbr_jcef-21.0.5-windows-x64-b631.30\bin\jimage.dll
Event: 0.150 Thread 0x000002545b735270 Thread added: 0x000002545b99d2f0
Event: 0.211 Thread 0x000002543ff204a0 Thread added: 0x00000254a10166d0
Event: 0.214 Thread 0x000002543ff204a0 Thread added: 0x00000254a1024bc0
Event: 0.214 Thread 0x000002543ff204a0 Thread added: 0x00000254a1025220
Event: 0.216 Thread 0x000002543ff204a0 Thread added: 0x00000254a10ba8d0
Event: 0.596 Thread 0x000002545b3ed350 Thread added: 0x00000254a28b3af0
Event: 0.600 Thread 0x000002545b8a3130 Thread added: 0x00000254a277c3d0


Dynamic libraries:
0x00007ff7d7300000 - 0x00007ff7d730a000 	C:\Users\messi\Downloads\jbr_jcef-21.0.5-windows-x64-b631.30\jbr_jcef-21.0.5-windows-x64-b631.30\bin\java.exe
0x00007ffbfa770000 - 0x00007ffbfa987000 	C:\WINDOWS\SYSTEM32\ntdll.dll
0x00007ffbf8f00000 - 0x00007ffbf8fc4000 	C:\WINDOWS\System32\KERNEL32.DLL
0x00007ffbf7d60000 - 0x00007ffbf811a000 	C:\WINDOWS\System32\KERNELBASE.dll
0x00007ffbf8350000 - 0x00007ffbf8461000 	C:\WINDOWS\System32\ucrtbase.dll
0x00007ffbf2db0000 - 0x00007ffbf2dcb000 	C:\Users\messi\Downloads\jbr_jcef-21.0.5-windows-x64-b631.30\jbr_jcef-21.0.5-windows-x64-b631.30\bin\VCRUNTIME140.dll
0x00007ffbf2d30000 - 0x00007ffbf2d48000 	C:\Users\messi\Downloads\jbr_jcef-21.0.5-windows-x64-b631.30\jbr_jcef-21.0.5-windows-x64-b631.30\bin\jli.dll
0x00007ffbf8d50000 - 0x00007ffbf8efe000 	C:\WINDOWS\System32\USER32.dll
0x00007ffbf7a40000 - 0x00007ffbf7a66000 	C:\WINDOWS\System32\win32u.dll
0x00007ffbf9710000 - 0x00007ffbf9739000 	C:\WINDOWS\System32\GDI32.dll
0x00007ffbdcec0000 - 0x00007ffbdd152000 	C:\WINDOWS\WinSxS\amd64_microsoft.windows.common-controls_6595b64144ccf1df_6.0.22621.4541_none_2710d1c57384c085\COMCTL32.dll
0x00007ffbf7b90000 - 0x00007ffbf7cab000 	C:\WINDOWS\System32\gdi32full.dll
0x00007ffbfa680000 - 0x00007ffbfa727000 	C:\WINDOWS\System32\msvcrt.dll
0x00007ffbf7af0000 - 0x00007ffbf7b8a000 	C:\WINDOWS\System32\msvcp_win.dll
0x00007ffbf9740000 - 0x00007ffbf9771000 	C:\WINDOWS\System32\IMM32.DLL
0x00007ffbf4ae0000 - 0x00007ffbf4aec000 	C:\Users\messi\Downloads\jbr_jcef-21.0.5-windows-x64-b631.30\jbr_jcef-21.0.5-windows-x64-b631.30\bin\vcruntime140_1.dll
0x00007ffbe4af0000 - 0x00007ffbe4b7d000 	C:\Users\messi\Downloads\jbr_jcef-21.0.5-windows-x64-b631.30\jbr_jcef-21.0.5-windows-x64-b631.30\bin\msvcp140.dll
0x00007ffbb6b20000 - 0x00007ffbb78e1000 	C:\Users\messi\Downloads\jbr_jcef-21.0.5-windows-x64-b631.30\jbr_jcef-21.0.5-windows-x64-b631.30\bin\server\jvm.dll
0x00007ffbf9550000 - 0x00007ffbf9602000 	C:\WINDOWS\System32\ADVAPI32.dll
0x00007ffbf9830000 - 0x00007ffbf98d7000 	C:\WINDOWS\System32\sechost.dll
0x00007ffbf7cb0000 - 0x00007ffbf7cd8000 	C:\WINDOWS\System32\bcrypt.dll
0x00007ffbf9950000 - 0x00007ffbf9a64000 	C:\WINDOWS\System32\RPCRT4.dll
0x00007ffbf8b50000 - 0x00007ffbf8bc1000 	C:\WINDOWS\System32\WS2_32.dll
0x00007ffbf7860000 - 0x00007ffbf78ad000 	C:\WINDOWS\SYSTEM32\POWRPROF.dll
0x00007ffbf18b0000 - 0x00007ffbf18ba000 	C:\WINDOWS\SYSTEM32\VERSION.dll
0x00007ffbec440000 - 0x00007ffbec474000 	C:\WINDOWS\SYSTEM32\WINMM.dll
0x00007ffbf7840000 - 0x00007ffbf7853000 	C:\WINDOWS\SYSTEM32\UMPDC.dll
0x00007ffbf69e0000 - 0x00007ffbf69f8000 	C:\WINDOWS\SYSTEM32\kernel.appcore.dll
0x00007ffbf2da0000 - 0x00007ffbf2daa000 	C:\Users\messi\Downloads\jbr_jcef-21.0.5-windows-x64-b631.30\jbr_jcef-21.0.5-windows-x64-b631.30\bin\jimage.dll
0x00007ffbeff70000 - 0x00007ffbf01a2000 	C:\WINDOWS\SYSTEM32\DBGHELP.DLL
0x00007ffbf9a70000 - 0x00007ffbf9dff000 	C:\WINDOWS\System32\combase.dll
0x00007ffbf91b0000 - 0x00007ffbf9287000 	C:\WINDOWS\System32\OLEAUT32.dll
0x00007ffbee960000 - 0x00007ffbee992000 	C:\WINDOWS\SYSTEM32\dbgcore.DLL
0x00007ffbf7ce0000 - 0x00007ffbf7d5b000 	C:\WINDOWS\System32\bcryptPrimitives.dll
0x00007ffbebcb0000 - 0x00007ffbebcec000 	C:\Users\messi\Downloads\jbr_jcef-21.0.5-windows-x64-b631.30\jbr_jcef-21.0.5-windows-x64-b631.30\bin\jdwp.dll
0x00007ffbf2d20000 - 0x00007ffbf2d2e000 	C:\Users\messi\Downloads\jbr_jcef-21.0.5-windows-x64-b631.30\jbr_jcef-21.0.5-windows-x64-b631.30\bin\instrument.dll
0x00007ffbf21c0000 - 0x00007ffbf21e0000 	C:\Users\messi\Downloads\jbr_jcef-21.0.5-windows-x64-b631.30\jbr_jcef-21.0.5-windows-x64-b631.30\bin\java.dll
0x00007ffbeeaa0000 - 0x00007ffbeeab8000 	C:\Users\messi\Downloads\jbr_jcef-21.0.5-windows-x64-b631.30\jbr_jcef-21.0.5-windows-x64-b631.30\bin\zip.dll
0x00007ffbf9e00000 - 0x00007ffbfa678000 	C:\WINDOWS\System32\SHELL32.dll
0x00007ffbf5930000 - 0x00007ffbf6238000 	C:\WINDOWS\SYSTEM32\windows.storage.dll
0x00007ffbf57f0000 - 0x00007ffbf592f000 	C:\WINDOWS\SYSTEM32\wintypes.dll
0x00007ffbf9360000 - 0x00007ffbf945a000 	C:\WINDOWS\System32\SHCORE.dll
0x00007ffbf9470000 - 0x00007ffbf94ce000 	C:\WINDOWS\System32\shlwapi.dll
0x00007ffbf7970000 - 0x00007ffbf799b000 	C:\WINDOWS\SYSTEM32\profapi.dll
0x00007ffbedf40000 - 0x00007ffbedf4b000 	C:\Users\messi\Downloads\jbr_jcef-21.0.5-windows-x64-b631.30\jbr_jcef-21.0.5-windows-x64-b631.30\bin\dt_socket.dll
0x00007ffbf64e0000 - 0x00007ffbf650d000 	C:\WINDOWS\SYSTEM32\IPHLPAPI.DLL
0x00007ffbf6ec0000 - 0x00007ffbf6f29000 	C:\WINDOWS\system32\mswsock.dll
0x00007ffbf2cb0000 - 0x00007ffbf2cc0000 	C:\Users\messi\Downloads\jbr_jcef-21.0.5-windows-x64-b631.30\jbr_jcef-21.0.5-windows-x64-b631.30\bin\net.dll
0x00007ffbf3880000 - 0x00007ffbf39b6000 	C:\WINDOWS\SYSTEM32\WINHTTP.dll
0x00007ffbedf50000 - 0x00007ffbedf66000 	C:\Users\messi\Downloads\jbr_jcef-21.0.5-windows-x64-b631.30\jbr_jcef-21.0.5-windows-x64-b631.30\bin\nio.dll

dbghelp: loaded successfully - version: 4.0.5 - missing functions: none
symbol engine: initialized successfully - sym options: 0x614 - pdb path: .;C:\Users\messi\Downloads\jbr_jcef-21.0.5-windows-x64-b631.30\jbr_jcef-21.0.5-windows-x64-b631.30\bin;C:\WINDOWS\SYSTEM32;C:\WINDOWS\WinSxS\amd64_microsoft.windows.common-controls_6595b64144ccf1df_6.0.22621.4541_none_2710d1c57384c085;C:\Users\messi\Downloads\jbr_jcef-21.0.5-windows-x64-b631.30\jbr_jcef-21.0.5-windows-x64-b631.30\bin\server

VM Arguments:
jvm_args: -agentlib:jdwp=transport=dt_socket,address=127.0.0.1:63715,suspend=y,server=n -javaagent:C:\Users\messi\.hotswap\hotswap-agent.jar -XX:+AllowEnhancedClassRedefinition -XX:HotswapAgent=external -XX:+ClassUnloading --add-opens=java.base/sun.nio.ch=ALL-UNNAMED --add-opens=java.base/java.lang=ALL-UNNAMED --add-opens=java.base/java.lang.reflect=ALL-UNNAMED --add-opens=java.base/java.io=ALL-UNNAMED --add-opens=java.base/sun.security.action=ALL-UNNAMED --add-opens=java.base/jdk.internal.reflect=ALL-UNNAMED -javaagent:C:\Users\messi\AppData\Local\JetBrains\IdeaIC2024.3\captureAgent\debugger-agent.jar -Dkotlinx.coroutines.debug.enable.creation.stack.trace=false -Ddebugger.agent.enable.coroutines=true -Dkotlinx.coroutines.debug.enable.flows.stack.trace=true -Dkotlinx.coroutines.debug.enable.mutable.state.flows.stack.trace=true -Dfile.encoding=UTF-8 -Dsun.stdout.encoding=UTF-8 -Dsun.stderr.encoding=UTF-8 
java_command: org.example.origin.easyJavaEx.MultilangPrg
java_class_path (initial): C:\Users\messi\eclipse-workspace\NewTraining\out\production\classes;C:\Users\messi\eclipse-workspace\NewTraining\out\production\resources;C:\Users\messi\Downloads\mysql-connector-j-9.1.0\mysql-connector-j-9.1.0\mysql-connector-j-9.1.0.jar;C:\Program Files\JetBrains\IntelliJ IDEA Community Edition 2024.3\lib\idea_rt.jar
Launcher Type: SUN_STANDARD

[Global flags]
     bool AllowEnhancedClassRedefinition           = true                                      {product} {command line}
     intx CICompilerCount                          = 12                                        {product} {ergonomic}
     bool ClassUnloading                           = true                                      {product} {command line}
     uint ConcGCThreads                            = 3                                         {product} {ergonomic}
     uint G1ConcRefinementThreads                  = 13                                        {product} {ergonomic}
   size_t G1HeapRegionSize                         = 2097152                                   {product} {ergonomic}
    uintx GCDrainStackTargetSize                   = 64                                        {product} {ergonomic}
    ccstr HotswapAgent                             = external                                  {product} {command line}
   size_t InitialHeapSize                          = 255852544                                 {product} {ergonomic}
   size_t MarkStackSize                            = 4194304                                   {product} {ergonomic}
   size_t MaxHeapSize                              = 4093640704                                {product} {ergonomic}
   size_t MaxNewSize                               = 2455764992                                {product} {ergonomic}
   size_t MinHeapDeltaBytes                        = 2097152                                   {product} {ergonomic}
   size_t MinHeapSize                              = 8388608                                   {product} {ergonomic}
    uintx NonNMethodCodeHeapSize                   = 7602480                                {pd product} {ergonomic}
    uintx NonProfiledCodeHeapSize                  = 122027880                              {pd product} {ergonomic}
    uintx ProfiledCodeHeapSize                     = 122027880                              {pd product} {ergonomic}
    uintx ReservedCodeCacheSize                    = 251658240                              {pd product} {ergonomic}
     bool SegmentedCodeCache                       = true                                      {product} {ergonomic}
   size_t SoftMaxHeapSize                          = 4093640704                             {manageable} {ergonomic}
     bool UseCompressedOops                        = true                           {product lp64_product} {ergonomic}
     bool UseG1GC                                  = true                                      {product} {ergonomic}
     bool UseLargePagesIndividualAllocation        = false                                  {pd product} {ergonomic}

Logging:
Log output configuration:
 #0: stdout all=warning uptime,level,tags foldmultilines=false
 #1: stderr all=off uptime,level,tags foldmultilines=false

Environment Variables:
JAVA_HOME=C:\Program Files\Eclipse Adoptium\jdk-21.0.4.7-hotspot\
PATH=C:\Program Files\Eclipse Adoptium\jdk-21.0.4.7-hotspot\bin;C:\Program Files\Eclipse Adoptium\jre-21.0.4.7-hotspot\bin;C:\Program Files (x86)\Common Files\Intel\Shared Libraries\redist\intel64\compiler;C:\WINDOWS\system32;C:\WINDOWS;C:\WINDOWS\System32\Wbem;C:\WINDOWS\System32\WindowsPowerShell\v1.0\;C:\WINDOWS\System32\OpenSSH\;C:\Program Files\dotnet\;C:\Program Files\Cloudflare\Cloudflare WARP\;C:\Program Files\Git\cmd;C:\Program Files\Git\mingw64\bin;C:\Program Files\Git\usr\bin;C:\Java\bin;C:\Program Files\Calibre2\;C:\Program Files\nodejs\;C:\Program Files\Docker\Docker\resources\bin;C:\Users\messi\AppData\Local\Microsoft\WindowsApps;C:\Users\messi\AppData\Local\Programs\Microsoft VS Code\bin;C:\Users\messi\AppData\Local\GitHubDesktop\bin;C:\xampp\php;C:\Users\messi\AppData\Local\ComposerSetup\bin;C:\Users\messi\AppData\Roaming\Composer\vendor\bin;C:\Users\messi\AppData\Roaming\npm
USERNAME=messi
OS=Windows_NT
PROCESSOR_IDENTIFIER=AMD64 Family 25 Model 68 Stepping 1, AuthenticAMD
TMP=C:\Users\messi\AppData\Local\Temp
TEMP=C:\Users\messi\AppData\Local\Temp




Periodic native trim disabled

JNI global refs:
JNI global refs: 46, weak refs: 1656

JNI global refs memory usage: 1531, weak refs: 16825

Process memory usage:
Resident Set Size: 97176K (0% of 15985748K total physical memory with 1585836K free physical memory)

OOME stack traces (most recent first):
Classloader memory used:
Loader bootstrap                                                                       : 3075K
Loader jdk.internal.loader.ClassLoaders$AppClassLoader                                 : 1787K
Loader jdk.internal.loader.ClassLoaders$PlatformClassLoader                            : 40120B

Classes loaded by more than one classloader:
Class java.lang.IllegalAccessError                                                    : loaded 2 times (x 78B)
Class java.lang.IllegalMonitorStateException                                          : loaded 2 times (x 78B)
Class org.hotswap.agent.javassist.CannotCompileException                              : loaded 2 times (x 79B)
Class java.lang.UnsupportedOperationException                                         : loaded 2 times (x 78B)
Class java.lang.InternalError                                                         : loaded 2 times (x 78B)
Class java.lang.OutOfMemoryError                                                      : loaded 2 times (x 78B)
Class java.lang.IllegalStateException                                                 : loaded 2 times (x 78B)
Class org.hotswap.agent.javassist.bytecode.CodeAttribute$RuntimeCopyException         : loaded 2 times (x 78B)
Class java.net.MalformedURLException                                                  : loaded 2 times (x 78B)
Class org.hotswap.agent.javassist.bytecode.StackMapTable$RuntimeCopyException         : loaded 2 times (x 78B)
Class java.lang.ArrayStoreException                                                   : loaded 2 times (x 78B)
Class java.io.IOException                                                             : loaded 2 times (x 78B)
Class java.lang.Exception                                                             : loaded 2 times (x 78B)
Class java.lang.ClassNotFoundException                                                : loaded 2 times (x 79B)
Class java.lang.InstantiationException                                                : loaded 2 times (x 78B)
Class java.lang.ReflectiveOperationException                                          : loaded 2 times (x 78B)
Class java.lang.VirtualMachineError                                                   : loaded 2 times (x 78B)
Class java.lang.IllegalArgumentException                                              : loaded 2 times (x 78B)
Class java.lang.Error                                                                 : loaded 2 times (x 78B)
Class java.lang.InterruptedException                                                  : loaded 2 times (x 78B)
Class java.lang.NumberFormatException                                                 : loaded 2 times (x 78B)
Class java.lang.LinkageError                                                          : loaded 2 times (x 78B)
Class java.lang.NoSuchMethodError                                                     : loaded 2 times (x 78B)
Class java.lang.ClassCastException                                                    : loaded 2 times (x 78B)
Class java.lang.IncompatibleClassChangeError                                          : loaded 2 times (x 78B)
Class java.lang.ClassFormatError                                                      : loaded 2 times (x 78B)
Class java.net.URISyntaxException                                                     : loaded 2 times (x 82B)
Class org.hotswap.agent.javassist.NotFoundException                                   : loaded 2 times (x 78B)
Class java.lang.reflect.InvocationTargetException                                     : loaded 2 times (x 79B)
Class java.lang.IndexOutOfBoundsException                                             : loaded 2 times (x 78B)
Class java.util.NoSuchElementException                                                : loaded 2 times (x 78B)
Class org.hotswap.agent.javassist.compiler.CompileError                               : loaded 2 times (x 79B)
Class java.lang.BootstrapMethodError                                                  : loaded 2 times (x 78B)
Class java.lang.NoSuchMethodException                                                 : loaded 2 times (x 78B)
Class java.lang.NoClassDefFoundError                                                  : loaded 2 times (x 78B)
Class org.hotswap.agent.javassist.bytecode.annotation.NoSuchClassError                : loaded 2 times (x 79B)
Class java.nio.file.InvalidPathException                                              : loaded 2 times (x 82B)
Class java.lang.NullPointerException                                                  : loaded 2 times (x 79B)
Class java.lang.StackOverflowError                                                    : loaded 2 times (x 78B)
Class org.hotswap.agent.versions.InvalidVersionSpecificationException                 : loaded 2 times (x 78B)
Class java.lang.RuntimeException                                                      : loaded 2 times (x 78B)
Class java.lang.NoSuchFieldException                                                  : loaded 2 times (x 78B)
Class java.io.FileNotFoundException                                                   : loaded 2 times (x 78B)
Class java.lang.ArithmeticException                                                   : loaded 2 times (x 78B)
Class java.lang.IllegalAccessException                                                : loaded 2 times (x 78B)
Class java.lang.reflect.UndeclaredThrowableException                                  : loaded 2 times (x 79B)
Class org.hotswap.agent.javassist.bytecode.DuplicateMemberException                   : loaded 2 times (x 79B)
Class org.hotswap.agent.javassist.bytecode.BadBytecode                                : loaded 2 times (x 78B)
Class java.lang.Throwable                                                             : loaded 2 times (x 78B)

---------------  S Y S T E M  ---------------

OS:
 Windows 11 , 64 bit Build 22621 (10.0.22621.4391)
OS uptime: 2 days 21:16 hours
Hyper-V role detected

CPU: total 16 (initial active 16) (16 cores per cpu, 2 threads per core) family 25 model 68 stepping 1 microcode 0x0, cx8, cmov, fxsr, ht, mmx, 3dnowpref, sse, sse2, sse3, ssse3, sse4a, sse4.1, sse4.2, popcnt, lzcnt, tsc, tscinvbit, avx, avx2, aes, erms, clmul, bmi1, bmi2, adx, sha, fma, vzeroupper, clflush, clflushopt, hv, rdtscp, rdpid, fsrm, f16c, cet_ss
Processor Information for all 16 processors :
  Max Mhz: 3201, Current Mhz: 3201, Mhz Limit: 3201

Memory: 4k page, system-wide physical 15611M (1548M free)
TotalPageFile size 30990M (AvailPageFile size 6738M)
current process WorkingSet (physical memory assigned to process): 94M, peak: 94M
current process commit charge ("private bytes"): 368M, peak: 373M

vm_info: OpenJDK 64-Bit Server VM (21.0.5+8-b631.30) for windows-amd64 JRE (21.0.5+8-b631.30), built on 2024-12-06 by "builduser" with MS VC++ 16.10 / 16.11 (VS2019)

END.
