#
# A fatal error has been detected by the Java Runtime Environment:
#
#  EXCEPTION_ACCESS_VIOLATION (0xc0000005) at pc=0x00007ffbaf3cd632, pid=93912, tid=76852
#
# JRE version: OpenJDK Runtime Environment JBR-21.0.5+8-631.30-jcef (21.0.5+8) (build 21.0.5+8-b631.30)
# Java VM: OpenJDK 64-Bit Server VM JBR-21.0.5+8-631.30-jcef (21.0.5+8-b631.30, mixed mode, sharing, tiered, compressed oops, compressed class ptrs, g1 gc, windows-amd64)
# Problematic frame:
# V  [jvm.dll+0x8d632]
#
# No core dump will be written. Minidumps are not enabled by default on client versions of Windows
#
# If you would like to submit a bug report, please visit:
#   https://youtrack.jetbrains.com/issues/JBR
#

---------------  S U M M A R Y ------------

Command Line: -agentlib:jdwp=transport=dt_socket,address=127.0.0.1:57905,suspend=y,server=n -javaagent:C:\Users\messi\.hotswap\hotswap-agent.jar -XX:+AllowEnhancedClassRedefinition -XX:HotswapAgent=external -XX:+ClassUnloading --add-opens=java.base/sun.nio.ch=ALL-UNNAMED --add-opens=java.base/java.lang=ALL-UNNAMED --add-opens=java.base/java.lang.reflect=ALL-UNNAMED --add-opens=java.base/java.io=ALL-UNNAMED --add-opens=java.base/sun.security.action=ALL-UNNAMED --add-opens=java.base/jdk.internal.reflect=ALL-UNNAMED -javaagent:C:\Users\messi\AppData\Local\JetBrains\IdeaIC2024.3\captureAgent\debugger-agent.jar -Dkotlinx.coroutines.debug.enable.creation.stack.trace=false -Ddebugger.agent.enable.coroutines=true -Dkotlinx.coroutines.debug.enable.flows.stack.trace=true -Dkotlinx.coroutines.debug.enable.mutable.state.flows.stack.trace=true -Dfile.encoding=UTF-8 -Dsun.stdout.encoding=UTF-8 -Dsun.stderr.encoding=UTF-8 org.example.harderlibrary.Main

Host: AMD Ryzen 7 7735HS with Radeon Graphics        , 16 cores, 15G,  Windows 11 , 64 bit Build 22621 (10.0.22621.4391)
Time: Thu Dec 26 08:04:01 2024 SE Asia Standard Time elapsed time: 0.560208 seconds (0d 0h 0m 0s)

---------------  T H R E A D  ---------------

Current thread (0x0000017f3ceadb80):  JavaThread "C2 CompilerThread0" daemon [_thread_in_native, id=76852, stack(0x00000039a7800000,0x00000039a7900000) (1024K)]


Current CompileTask:
C2:560 1376       4       jdk.internal.misc.Unsafe::allocateUninitializedArray (55 bytes)

Stack: [0x00000039a7800000,0x00000039a7900000],  sp=0x00000039a78fce60,  free space=1011k
Native frames: (J=compiled Java code, j=interpreted, Vv=VM code, C=native code)
V  [jvm.dll+0x8d632]
V  [jvm.dll+0x6bec2f]
V  [jvm.dll+0x66d704]
V  [jvm.dll+0x671f09]
V  [jvm.dll+0x25061f]
V  [jvm.dll+0x24fd71]
V  [jvm.dll+0x1cd6a4]
V  [jvm.dll+0x25f5dc]
V  [jvm.dll+0x25db03]
V  [jvm.dll+0x3ff5e6]
V  [jvm.dll+0x86b248]
V  [jvm.dll+0x6e3abd]
C  [ucrtbase.dll+0x29333]
C  [KERNEL32.DLL+0x1259d]
C  [ntdll.dll+0x5af38]


siginfo: EXCEPTION_ACCESS_VIOLATION (0xc0000005), reading address 0xffffffffffffffff


Registers:
RAX=0x00000000af34fee0, RBX=0x00007ffbafd3de80, RCX=0x00007ffbaf3accc0, RDX=0x0000017f7e8ef110
RSP=0x00000039a78fce60, RBP=0x00000039a78fcf09, RSI=0x0000000000000000, RDI=0x0000017f7e8ef110
R8 =0x0000000000000002, R9 =0x0000000000000000, R10=0x00007ffbf2750000, R11=0x0000017f7e8f51f0
R12=0x00000000000000b1, R13=0x0000000000000000, R14=0x0000000000000000, R15=0x00000039a78fd360
RIP=0x00007ffbaf3cd632, EFLAGS=0x0000000000010292


Register to memory mapping:

RAX=0x00000000af34fee0 is an unknown value
RBX=0x00007ffbafd3de80 jvm.dll
RCX=0x00007ffbaf3accc0 jvm.dll
RDX=0x0000017f7e8ef110 points into unknown readable memory: 0x00007ffbafd43408 | 08 34 d4 af fb 7f 00 00
RSP=0x00000039a78fce60 is pointing into the stack for thread: 0x0000017f3ceadb80
RBP=0x00000039a78fcf09 is pointing into the stack for thread: 0x0000017f3ceadb80
RSI=0x0 is null
RDI=0x0000017f7e8ef110 points into unknown readable memory: 0x00007ffbafd43408 | 08 34 d4 af fb 7f 00 00
R8 =0x0000000000000002 is an unknown value
R9 =0x0 is null
R10=0x00007ffbf2750000 VCRUNTIME140.dll
R11=0x0000017f7e8f51f0 points into unknown readable memory: 0x00007ffbafd3de80 | 80 de d3 af fb 7f 00 00
R12=0x00000000000000b1 is an unknown value
R13=0x0 is null
R14=0x0 is null
R15=0x00000039a78fd360 is pointing into the stack for thread: 0x0000017f3ceadb80

Top of Stack: (sp=0x00000039a78fce60)
0x00000039a78fce60:   0000000000000003 0000017f7e8ef110
0x00000039a78fce70:   0000000000000000 00007ffbafbea21e
0x00000039a78fce80:   00007ffbafd3de80 00007ffbaf9fec2f
0x00000039a78fce90:   0000017f7e8ef110 0000000000000000
0x00000039a78fcea0:   00000039a78fd360 0000000000000000
0x00000039a78fceb0:   0000017f7e8ef110 00007ffbaf9ad704
0x00000039a78fcec0:   0000000000000003 000000000000007b
0x00000039a78fced0:   0000000000000000 0000000000000000
0x00000039a78fcee0:   00000039a78fcf70 00000039a78fcf78
0x00000039a78fcef0:   0000017f7e14e110 0000017f7e14f090
0x00000039a78fcf00:   0000017f7e14dfd0 0000017f3ce9a2b0
0x00000039a78fcf10:   0000000000000002 0000017f7e14f090
0x00000039a78fcf20:   00007ffb00000002 0000017f3ce9a2b0
0x00000039a78fcf30:   0000017f7e14dea0 0000000000000000
0x00000039a78fcf40:   0000000000000000 0000000000000120
0x00000039a78fcf50:   000000000000000c 00000039a78fd360
0x00000039a78fcf60:   00000039a78fcff9 00007ffbaf9b1f09
0x00000039a78fcf70:   00000039a78fd300 00000039a78fcff9
0x00000039a78fcf80:   0000000000000006 0000017f7e4f7f50
0x00000039a78fcf90:   0000017f7e14de60 0000000000000000
0x00000039a78fcfa0:   0000000000100000 0000000000000000
0x00000039a78fcfb0:   0000000000000000 0000000000000000
0x00000039a78fcfc0:   0000000000000000 0000000000000000
0x00000039a78fcfd0:   0000000000000000 0000000000000000
0x00000039a78fcfe0:   0000000000000000 0000000000000000
0x00000039a78fcff0:   0000000000000000 0000000000000000
0x00000039a78fd000:   00000039a78fd408 0000000000000007
0x00000039a78fd010:   0000000000000000 0000000000000000
0x00000039a78fd020:   0000f4e4b5e0743a 00007ffbaf9ab5de
0x00000039a78fd030:   0000000000000000 0000000080000000
0x00000039a78fd040:   0000017f3ce69e20 0000000000000000
0x00000039a78fd050:   00000039a78fd160 00007ffbaf59061f 

Instructions: (pc=0x00007ffbaf3cd632)
0x00007ffbaf3cd532:   00 00 00 48 89 03 c6 43 3c 00 c7 43 2c 08 00 00
0x00007ffbaf3cd542:   00 8b 4d 2c 83 e1 0f 80 f9 09 75 04 83 4b 30 40
0x00007ffbaf3cd552:   4c 89 23 0f 28 05 64 92 bb 00 0f 11 43 40 0f 28
0x00007ffbaf3cd562:   0d 69 92 bb 00 0f 11 4b 50 0f 28 05 6e 92 bb 00
0x00007ffbaf3cd572:   0f 11 43 60 0f 28 0d 73 92 bb 00 0f 11 4b 70 0f
0x00007ffbaf3cd582:   28 05 78 92 bb 00 0f 11 83 80 00 00 00 0f 28 0d
0x00007ffbaf3cd592:   7a 92 bb 00 0f 11 8b 90 00 00 00 c7 83 a0 00 00
0x00007ffbaf3cd5a2:   00 0f 00 00 00 c7 43 2c 08 02 00 00 eb 02 33 db
0x00007ffbaf3cd5b2:   8b 77 18 8d 46 01 89 47 18 3b 77 08 72 0a 8b d6
0x00007ffbaf3cd5c2:   48 8b cf e8 f6 2c 63 00 48 8b 47 10 48 8b 7c 24
0x00007ffbaf3cd5d2:   58 48 89 1c f0 48 8b c5 48 8b 6c 24 48 48 8b 5c
0x00007ffbaf3cd5e2:   24 40 48 8b 74 24 50 48 83 c4 20 41 5f 41 5e 41
0x00007ffbaf3cd5f2:   5c c3 cc cc cc cc cc cc cc cc cc cc cc cc 48 89
0x00007ffbaf3cd602:   5c 24 08 57 48 83 ec 20 48 8b d9 48 8b fa 48 8b
0x00007ffbaf3cd612:   49 10 48 85 c9 74 20 8b 43 20 3b 43 24 75 11 8b
0x00007ffbaf3cd622:   d0 48 8b cb e8 95 3e 63 00 8b 43 20 48 8b 4b 10
0x00007ffbaf3cd632:   48 89 3c c1 ff 43 20 48 8b 5c 24 30 48 83 c4 20
0x00007ffbaf3cd642:   5f c3 cc cc cc cc cc cc cc cc cc cc cc cc 48 89
0x00007ffbaf3cd652:   5c 24 08 57 48 83 ec 20 48 8b 01 48 8b d9 ff 90
0x00007ffbaf3cd662:   c8 00 00 00 8d 50 01 48 8b 43 08 48 8b 0c d0 48
0x00007ffbaf3cd672:   8b 01 ff 50 28 48 8b 13 48 8b cb 48 8b f8 ff 92
0x00007ffbaf3cd682:   c8 00 00 00 83 c0 02 39 43 18 77 0e 48 8b c7 48
0x00007ffbaf3cd692:   8b 5c 24 30 48 83 c4 20 5f c3 48 8b 03 48 8b cb
0x00007ffbaf3cd6a2:   ff 90 c8 00 00 00 8d 48 02 48 8b 43 08 48 8b 0c
0x00007ffbaf3cd6b2:   c8 48 8b 01 ff 50 28 45 33 c0 48 8b cf 48 8b d0
0x00007ffbaf3cd6c2:   48 8b 5c 24 30 48 83 c4 20 5f e9 6f 4c 7f 00 cc
0x00007ffbaf3cd6d2:   cc cc cc cc cc cc cc cc cc cc cc cc cc cc 48 8b
0x00007ffbaf3cd6e2:   41 60 c3 cc cc cc cc cc cc cc cc cc cc cc 48 8b
0x00007ffbaf3cd6f2:   41 70 c3 cc cc cc cc cc cc cc cc cc cc cc 8b 81
0x00007ffbaf3cd702:   a0 00 00 00 c3 cc cc cc cc cc cc cc cc cc 48 89
0x00007ffbaf3cd712:   5c 24 08 48 89 74 24 10 57 48 83 ec 20 49 8b f0
0x00007ffbaf3cd722:   8b da 48 8b f9 3b 51 08 72 07 8b d3 e8 8d 2b 63 


Stack slot to memory mapping:

stack at sp + 0 slots: 0x0000000000000003 is an unknown value
stack at sp + 1 slots: 0x0000017f7e8ef110 points into unknown readable memory: 0x00007ffbafd43408 | 08 34 d4 af fb 7f 00 00
stack at sp + 2 slots: 0x0 is null
stack at sp + 3 slots: 0x00007ffbafbea21e jvm.dll
stack at sp + 4 slots: 0x00007ffbafd3de80 jvm.dll
stack at sp + 5 slots: 0x00007ffbaf9fec2f jvm.dll
stack at sp + 6 slots: 0x0000017f7e8ef110 points into unknown readable memory: 0x00007ffbafd43408 | 08 34 d4 af fb 7f 00 00
stack at sp + 7 slots: 0x0 is null


---------------  P R O C E S S  ---------------

Threads class SMR info:
_java_thread_list=0x0000017f7f64df20, length=28, elements={
0x0000017f1f785010, 0x0000017f3ce98fd0, 0x0000017f3ce9b3b0, 0x0000017f3ce9daf0,
0x0000017f3ce9ec80, 0x0000017f3ce9fa30, 0x0000017f3ceac4b0, 0x0000017f3ceadb80,
0x0000017f7e1218a0, 0x0000017f7e1f1fa0, 0x0000017f7e220340, 0x0000017f7e3378b0,
0x0000017f7e337f30, 0x0000017f7e344860, 0x0000017f7e333160, 0x0000017f7e372440,
0x0000017f7e4fa980, 0x0000017f7e602090, 0x0000017f7e4f2b70, 0x0000017f7e4f35d0,
0x0000017f7e4ebd20, 0x0000017f7ebcfa80, 0x0000017f7ebcd870, 0x0000017f7ebd0820,
0x0000017f7ebd0150, 0x0000017f7ebd0ef0, 0x0000017f7ebcdf40, 0x0000017f7f6497a0
}

Java Threads: ( => current thread )
  0x0000017f1f785010 JavaThread "main"                              [_thread_in_Java, id=21716, stack(0x00000039a6a00000,0x00000039a6b00000) (1024K)]
  0x0000017f3ce98fd0 JavaThread "Reference Handler"          daemon [_thread_blocked, id=62580, stack(0x00000039a7200000,0x00000039a7300000) (1024K)]
  0x0000017f3ce9b3b0 JavaThread "Finalizer"                  daemon [_thread_blocked, id=51508, stack(0x00000039a7300000,0x00000039a7400000) (1024K)]
  0x0000017f3ce9daf0 JavaThread "Signal Dispatcher"          daemon [_thread_blocked, id=43188, stack(0x00000039a7400000,0x00000039a7500000) (1024K)]
  0x0000017f3ce9ec80 JavaThread "Attach Listener"            daemon [_thread_blocked, id=86972, stack(0x00000039a7500000,0x00000039a7600000) (1024K)]
  0x0000017f3ce9fa30 JavaThread "Service Thread"             daemon [_thread_blocked, id=91872, stack(0x00000039a7600000,0x00000039a7700000) (1024K)]
  0x0000017f3ceac4b0 JavaThread "Monitor Deflation Thread"   daemon [_thread_blocked, id=54924, stack(0x00000039a7700000,0x00000039a7800000) (1024K)]
=>0x0000017f3ceadb80 JavaThread "C2 CompilerThread0"         daemon [_thread_in_native, id=76852, stack(0x00000039a7800000,0x00000039a7900000) (1024K)]
  0x0000017f7e1218a0 JavaThread "C1 CompilerThread0"         daemon [_thread_blocked, id=83328, stack(0x00000039a7900000,0x00000039a7a00000) (1024K)]
  0x0000017f7e1f1fa0 JavaThread "Common-Cleaner"             daemon [_thread_blocked, id=83144, stack(0x00000039a7a00000,0x00000039a7b00000) (1024K)]
  0x0000017f7e220340 JavaThread "C1 CompilerThread1"         daemon [_thread_blocked, id=67696, stack(0x00000039a7b00000,0x00000039a7c00000) (1024K)]
  0x0000017f7e3378b0 JavaThread "JDWP Transport Listener: dt_socket" daemon [_thread_blocked, id=15688, stack(0x00000039a7c00000,0x00000039a7d00000) (1024K)]
  0x0000017f7e337f30 JavaThread "JDWP Event Helper Thread"   daemon [_thread_blocked, id=81236, stack(0x00000039a7d00000,0x00000039a7e00000) (1024K)]
  0x0000017f7e344860 JavaThread "JDWP Command Reader"        daemon [_thread_in_native, id=41224, stack(0x00000039a7e00000,0x00000039a7f00000) (1024K)]
  0x0000017f7e333160 JavaThread "C1 CompilerThread2"         daemon [_thread_blocked, id=34808, stack(0x00000039a7f00000,0x00000039a8000000) (1024K)]
  0x0000017f7e372440 JavaThread "C1 CompilerThread3"         daemon [_thread_blocked, id=91940, stack(0x00000039a8000000,0x00000039a8100000) (1024K)]
  0x0000017f7e4fa980 JavaThread "C2 CompilerThread1"         daemon [_thread_in_native, id=90296, stack(0x00000039a8100000,0x00000039a8200000) (1024K)]
  0x0000017f7e602090 JavaThread "FileSystemWatchService"     daemon [_thread_in_native, id=50588, stack(0x00000039a8200000,0x00000039a8300000) (1024K)]
  0x0000017f7e4f2b70 JavaThread "HotSwap Watcher"            daemon [_thread_blocked, id=92420, stack(0x00000039a8300000,0x00000039a8400000) (1024K)]
  0x0000017f7e4f35d0 JavaThread "HotSwap Dispatcher"         daemon [_thread_blocked, id=94100, stack(0x00000039a8400000,0x00000039a8500000) (1024K)]
  0x0000017f7e4ebd20 JavaThread "Thread-2"                   daemon [_thread_blocked, id=15532, stack(0x00000039a8500000,0x00000039a8600000) (1024K)]
  0x0000017f7ebcfa80 JavaThread "C2 CompilerThread2"         daemon [_thread_in_native, id=92760, stack(0x00000039a9000000,0x00000039a9100000) (1024K)]
  0x0000017f7ebcd870 JavaThread "C2 CompilerThread3"         daemon [_thread_in_native, id=84480, stack(0x00000039a9100000,0x00000039a9200000) (1024K)]
  0x0000017f7ebd0820 JavaThread "C2 CompilerThread4"         daemon [_thread_in_native, id=12704, stack(0x00000039a9200000,0x00000039a9300000) (1024K)]
  0x0000017f7ebd0150 JavaThread "C2 CompilerThread5"         daemon [_thread_in_native, id=78820, stack(0x00000039a9300000,0x00000039a9400000) (1024K)]
  0x0000017f7ebd0ef0 JavaThread "C2 CompilerThread6"         daemon [_thread_in_native, id=85256, stack(0x00000039a9400000,0x00000039a9500000) (1024K)]
  0x0000017f7ebcdf40 JavaThread "C2 CompilerThread7"         daemon [_thread_in_native, id=85012, stack(0x00000039a9500000,0x00000039a9600000) (1024K)]
  0x0000017f7f6497a0 JavaThread "Notification Thread"        daemon [_thread_blocked, id=65356, stack(0x00000039a9600000,0x00000039a9700000) (1024K)]
Total: 28

Other Threads:
  0x0000017f3ce7dc60 VMThread "VM Thread"                           [id=39416, stack(0x00000039a7100000,0x00000039a7200000) (1024K)]
  0x0000017f3ce6cf00 WatcherThread "VM Periodic Task Thread"        [id=93516, stack(0x00000039a7000000,0x00000039a7100000) (1024K)]
  0x0000017f21a486a0 WorkerThread "GC Thread#0"                     [id=92568, stack(0x00000039a6b00000,0x00000039a6c00000) (1024K)]
  0x0000017f7f8bd7b0 WorkerThread "GC Thread#1"                     [id=69620, stack(0x00000039a8600000,0x00000039a8700000) (1024K)]
  0x0000017f7f8bdb50 WorkerThread "GC Thread#2"                     [id=89444, stack(0x00000039a8700000,0x00000039a8800000) (1024K)]
  0x0000017f7fcbeac0 WorkerThread "GC Thread#3"                     [id=38568, stack(0x00000039a8800000,0x00000039a8900000) (1024K)]
  0x0000017f7fcbf670 WorkerThread "GC Thread#4"                     [id=4824, stack(0x00000039a8900000,0x00000039a8a00000) (1024K)]
  0x0000017f7ec5f6b0 WorkerThread "GC Thread#5"                     [id=86760, stack(0x00000039a8a00000,0x00000039a8b00000) (1024K)]
  0x0000017f7ec5fa50 WorkerThread "GC Thread#6"                     [id=13724, stack(0x00000039a8b00000,0x00000039a8c00000) (1024K)]
  0x0000017f7fa560f0 WorkerThread "GC Thread#7"                     [id=16268, stack(0x00000039a8c00000,0x00000039a8d00000) (1024K)]
  0x0000017f7e724ae0 WorkerThread "GC Thread#8"                     [id=81704, stack(0x00000039a8d00000,0x00000039a8e00000) (1024K)]
  0x0000017f7e725960 WorkerThread "GC Thread#9"                     [id=56520, stack(0x00000039a8e00000,0x00000039a8f00000) (1024K)]
  0x0000017f7e724e80 WorkerThread "GC Thread#10"                    [id=88812, stack(0x00000039a8f00000,0x00000039a9000000) (1024K)]
  0x0000017f21a58b40 ConcurrentGCThread "G1 Main Marker"            [id=89884, stack(0x00000039a6c00000,0x00000039a6d00000) (1024K)]
  0x0000017f21a59550 WorkerThread "G1 Conc#0"                       [id=82356, stack(0x00000039a6d00000,0x00000039a6e00000) (1024K)]
  0x0000017f3cd3e0b0 ConcurrentGCThread "G1 Refine#0"               [id=28372, stack(0x00000039a6e00000,0x00000039a6f00000) (1024K)]
  0x0000017f3cd40a40 ConcurrentGCThread "G1 Service"                [id=1940, stack(0x00000039a6f00000,0x00000039a7000000) (1024K)]
Total: 17

Threads with active compile tasks:
C2 CompilerThread0  590 1376       4       jdk.internal.misc.Unsafe::allocateUninitializedArray (55 bytes)
C2 CompilerThread1  591 1391       4       java.util.ArrayList$Itr::next (66 bytes)
C2 CompilerThread2  591 1378       4       java.util.HashMap::get (19 bytes)
C2 CompilerThread3  591 1423       4       java.lang.StringLatin1::charAt (15 bytes)
C2 CompilerThread4  591 1415       4       java.util.regex.Matcher::reset (128 bytes)
C2 CompilerThread5  591 1422       4       java.lang.String::charAt (25 bytes)
C2 CompilerThread6  591 1409       4       jdk.internal.util.ArraysSupport::signedHashCode (37 bytes)
C2 CompilerThread7  591 1435       4       java.lang.String::length (11 bytes)
Total: 8

VM state: not at safepoint (normal execution)

VM Mutex/Monitor currently owned by a thread: None

Heap address: 0x000000070c000000, size: 3904 MB, Compressed Oops mode: Zero based, Oop shift amount: 3

CDS archive(s) mapped at: [0x0000017f3d000000-0x0000017f3dd00000-0x0000017f3dd00000), size 13631488, SharedBaseAddress: 0x0000017f3d000000, ArchiveRelocationMode: 1.
Compressed class space mapped at: 0x0000017f3e000000-0x0000017f7e000000, reserved size: 1073741824
Narrow klass base: 0x0000017f3d000000, Narrow klass shift: 0, Narrow klass range: 0x100000000

GC Precious Log:
 CardTable entry size: 512
 Card Set container configuration: InlinePtr #cards 4 size 8 Array Of Cards #cards 16 size 48 Howl #buckets 8 coarsen threshold 3686 Howl Bitmap #cards 512 size 80 coarsen threshold 460 Card regions per heap region 1 cards per card region 4096
 CPUs: 16 total, 16 available
 Memory: 15611M
 Large Page Support: Disabled
 NUMA Support: Disabled
 Compressed Oops: Enabled (Zero based)
 Heap Region Size: 2M
 Heap Min Capacity: 8M
 Heap Initial Capacity: 244M
 Heap Max Capacity: 3904M
 Pre-touch: Disabled
 Parallel Workers: 13
 Concurrent Workers: 3
 Concurrent Refinement Workers: 13
 Periodic GC: Disabled

Heap:
 garbage-first heap   total 249856K, used 11071K [0x000000070c000000, 0x0000000800000000)
  region size 2048K, 7 young (14336K), 2 survivors (4096K)
 Metaspace       used 4840K, committed 5056K, reserved 1114112K
  class space    used 468K, committed 576K, reserved 1048576K

Heap Regions: E=young(eden), S=young(survivor), O=old, HS=humongous(starts), HC=humongous(continues), CS=collection set, F=free, TAMS=top-at-mark-start, PB=parsable bottom
|   0|0x000000070c000000, 0x000000070c000000, 0x000000070c200000|  0%| F|  |TAMS 0x000000070c000000| PB 0x000000070c000000| Untracked 
|   1|0x000000070c200000, 0x000000070c200000, 0x000000070c400000|  0%| F|  |TAMS 0x000000070c200000| PB 0x000000070c200000| Untracked 
|   2|0x000000070c400000, 0x000000070c400000, 0x000000070c600000|  0%| F|  |TAMS 0x000000070c400000| PB 0x000000070c400000| Untracked 
|   3|0x000000070c600000, 0x000000070c600000, 0x000000070c800000|  0%| F|  |TAMS 0x000000070c600000| PB 0x000000070c600000| Untracked 
|   4|0x000000070c800000, 0x000000070c800000, 0x000000070ca00000|  0%| F|  |TAMS 0x000000070c800000| PB 0x000000070c800000| Untracked 
|   5|0x000000070ca00000, 0x000000070ca00000, 0x000000070cc00000|  0%| F|  |TAMS 0x000000070ca00000| PB 0x000000070ca00000| Untracked 
|   6|0x000000070cc00000, 0x000000070cc00000, 0x000000070ce00000|  0%| F|  |TAMS 0x000000070cc00000| PB 0x000000070cc00000| Untracked 
|   7|0x000000070ce00000, 0x000000070ce00000, 0x000000070d000000|  0%| F|  |TAMS 0x000000070ce00000| PB 0x000000070ce00000| Untracked 
|   8|0x000000070d000000, 0x000000070d000000, 0x000000070d200000|  0%| F|  |TAMS 0x000000070d000000| PB 0x000000070d000000| Untracked 
|   9|0x000000070d200000, 0x000000070d200000, 0x000000070d400000|  0%| F|  |TAMS 0x000000070d200000| PB 0x000000070d200000| Untracked 
|  10|0x000000070d400000, 0x000000070d400000, 0x000000070d600000|  0%| F|  |TAMS 0x000000070d400000| PB 0x000000070d400000| Untracked 
|  11|0x000000070d600000, 0x000000070d600000, 0x000000070d800000|  0%| F|  |TAMS 0x000000070d600000| PB 0x000000070d600000| Untracked 
|  12|0x000000070d800000, 0x000000070d800000, 0x000000070da00000|  0%| F|  |TAMS 0x000000070d800000| PB 0x000000070d800000| Untracked 
|  13|0x000000070da00000, 0x000000070da00000, 0x000000070dc00000|  0%| F|  |TAMS 0x000000070da00000| PB 0x000000070da00000| Untracked 
|  14|0x000000070dc00000, 0x000000070dc00000, 0x000000070de00000|  0%| F|  |TAMS 0x000000070dc00000| PB 0x000000070dc00000| Untracked 
|  15|0x000000070de00000, 0x000000070de00000, 0x000000070e000000|  0%| F|  |TAMS 0x000000070de00000| PB 0x000000070de00000| Untracked 
|  16|0x000000070e000000, 0x000000070e000000, 0x000000070e200000|  0%| F|  |TAMS 0x000000070e000000| PB 0x000000070e000000| Untracked 
|  17|0x000000070e200000, 0x000000070e200000, 0x000000070e400000|  0%| F|  |TAMS 0x000000070e200000| PB 0x000000070e200000| Untracked 
|  18|0x000000070e400000, 0x000000070e400000, 0x000000070e600000|  0%| F|  |TAMS 0x000000070e400000| PB 0x000000070e400000| Untracked 
|  19|0x000000070e600000, 0x000000070e600000, 0x000000070e800000|  0%| F|  |TAMS 0x000000070e600000| PB 0x000000070e600000| Untracked 
|  20|0x000000070e800000, 0x000000070e800000, 0x000000070ea00000|  0%| F|  |TAMS 0x000000070e800000| PB 0x000000070e800000| Untracked 
|  21|0x000000070ea00000, 0x000000070ea00000, 0x000000070ec00000|  0%| F|  |TAMS 0x000000070ea00000| PB 0x000000070ea00000| Untracked 
|  22|0x000000070ec00000, 0x000000070ec00000, 0x000000070ee00000|  0%| F|  |TAMS 0x000000070ec00000| PB 0x000000070ec00000| Untracked 
|  23|0x000000070ee00000, 0x000000070ee00000, 0x000000070f000000|  0%| F|  |TAMS 0x000000070ee00000| PB 0x000000070ee00000| Untracked 
|  24|0x000000070f000000, 0x000000070f000000, 0x000000070f200000|  0%| F|  |TAMS 0x000000070f000000| PB 0x000000070f000000| Untracked 
|  25|0x000000070f200000, 0x000000070f200000, 0x000000070f400000|  0%| F|  |TAMS 0x000000070f200000| PB 0x000000070f200000| Untracked 
|  26|0x000000070f400000, 0x000000070f400000, 0x000000070f600000|  0%| F|  |TAMS 0x000000070f400000| PB 0x000000070f400000| Untracked 
|  27|0x000000070f600000, 0x000000070f600000, 0x000000070f800000|  0%| F|  |TAMS 0x000000070f600000| PB 0x000000070f600000| Untracked 
|  28|0x000000070f800000, 0x000000070f800000, 0x000000070fa00000|  0%| F|  |TAMS 0x000000070f800000| PB 0x000000070f800000| Untracked 
|  29|0x000000070fa00000, 0x000000070fa00000, 0x000000070fc00000|  0%| F|  |TAMS 0x000000070fa00000| PB 0x000000070fa00000| Untracked 
|  30|0x000000070fc00000, 0x000000070fc00000, 0x000000070fe00000|  0%| F|  |TAMS 0x000000070fc00000| PB 0x000000070fc00000| Untracked 
|  31|0x000000070fe00000, 0x000000070fe00000, 0x0000000710000000|  0%| F|  |TAMS 0x000000070fe00000| PB 0x000000070fe00000| Untracked 
|  32|0x0000000710000000, 0x0000000710000000, 0x0000000710200000|  0%| F|  |TAMS 0x0000000710000000| PB 0x0000000710000000| Untracked 
|  33|0x0000000710200000, 0x0000000710200000, 0x0000000710400000|  0%| F|  |TAMS 0x0000000710200000| PB 0x0000000710200000| Untracked 
|  34|0x0000000710400000, 0x0000000710400000, 0x0000000710600000|  0%| F|  |TAMS 0x0000000710400000| PB 0x0000000710400000| Untracked 
|  35|0x0000000710600000, 0x0000000710600000, 0x0000000710800000|  0%| F|  |TAMS 0x0000000710600000| PB 0x0000000710600000| Untracked 
|  36|0x0000000710800000, 0x0000000710800000, 0x0000000710a00000|  0%| F|  |TAMS 0x0000000710800000| PB 0x0000000710800000| Untracked 
|  37|0x0000000710a00000, 0x0000000710a00000, 0x0000000710c00000|  0%| F|  |TAMS 0x0000000710a00000| PB 0x0000000710a00000| Untracked 
|  38|0x0000000710c00000, 0x0000000710c00000, 0x0000000710e00000|  0%| F|  |TAMS 0x0000000710c00000| PB 0x0000000710c00000| Untracked 
|  39|0x0000000710e00000, 0x0000000710e00000, 0x0000000711000000|  0%| F|  |TAMS 0x0000000710e00000| PB 0x0000000710e00000| Untracked 
|  40|0x0000000711000000, 0x0000000711000000, 0x0000000711200000|  0%| F|  |TAMS 0x0000000711000000| PB 0x0000000711000000| Untracked 
|  41|0x0000000711200000, 0x0000000711200000, 0x0000000711400000|  0%| F|  |TAMS 0x0000000711200000| PB 0x0000000711200000| Untracked 
|  42|0x0000000711400000, 0x0000000711400000, 0x0000000711600000|  0%| F|  |TAMS 0x0000000711400000| PB 0x0000000711400000| Untracked 
|  43|0x0000000711600000, 0x0000000711600000, 0x0000000711800000|  0%| F|  |TAMS 0x0000000711600000| PB 0x0000000711600000| Untracked 
|  44|0x0000000711800000, 0x0000000711800000, 0x0000000711a00000|  0%| F|  |TAMS 0x0000000711800000| PB 0x0000000711800000| Untracked 
|  45|0x0000000711a00000, 0x0000000711a00000, 0x0000000711c00000|  0%| F|  |TAMS 0x0000000711a00000| PB 0x0000000711a00000| Untracked 
|  46|0x0000000711c00000, 0x0000000711c00000, 0x0000000711e00000|  0%| F|  |TAMS 0x0000000711c00000| PB 0x0000000711c00000| Untracked 
|  47|0x0000000711e00000, 0x0000000711e00000, 0x0000000712000000|  0%| F|  |TAMS 0x0000000711e00000| PB 0x0000000711e00000| Untracked 
|  48|0x0000000712000000, 0x0000000712000000, 0x0000000712200000|  0%| F|  |TAMS 0x0000000712000000| PB 0x0000000712000000| Untracked 
|  49|0x0000000712200000, 0x0000000712200000, 0x0000000712400000|  0%| F|  |TAMS 0x0000000712200000| PB 0x0000000712200000| Untracked 
|  50|0x0000000712400000, 0x0000000712400000, 0x0000000712600000|  0%| F|  |TAMS 0x0000000712400000| PB 0x0000000712400000| Untracked 
|  51|0x0000000712600000, 0x0000000712600000, 0x0000000712800000|  0%| F|  |TAMS 0x0000000712600000| PB 0x0000000712600000| Untracked 
|  52|0x0000000712800000, 0x0000000712800000, 0x0000000712a00000|  0%| F|  |TAMS 0x0000000712800000| PB 0x0000000712800000| Untracked 
|  53|0x0000000712a00000, 0x0000000712a00000, 0x0000000712c00000|  0%| F|  |TAMS 0x0000000712a00000| PB 0x0000000712a00000| Untracked 
|  54|0x0000000712c00000, 0x0000000712c00000, 0x0000000712e00000|  0%| F|  |TAMS 0x0000000712c00000| PB 0x0000000712c00000| Untracked 
|  55|0x0000000712e00000, 0x0000000712e00000, 0x0000000713000000|  0%| F|  |TAMS 0x0000000712e00000| PB 0x0000000712e00000| Untracked 
|  56|0x0000000713000000, 0x0000000713000000, 0x0000000713200000|  0%| F|  |TAMS 0x0000000713000000| PB 0x0000000713000000| Untracked 
|  57|0x0000000713200000, 0x0000000713200000, 0x0000000713400000|  0%| F|  |TAMS 0x0000000713200000| PB 0x0000000713200000| Untracked 
|  58|0x0000000713400000, 0x0000000713400000, 0x0000000713600000|  0%| F|  |TAMS 0x0000000713400000| PB 0x0000000713400000| Untracked 
|  59|0x0000000713600000, 0x0000000713600000, 0x0000000713800000|  0%| F|  |TAMS 0x0000000713600000| PB 0x0000000713600000| Untracked 
|  60|0x0000000713800000, 0x0000000713800000, 0x0000000713a00000|  0%| F|  |TAMS 0x0000000713800000| PB 0x0000000713800000| Untracked 
|  61|0x0000000713a00000, 0x0000000713a00000, 0x0000000713c00000|  0%| F|  |TAMS 0x0000000713a00000| PB 0x0000000713a00000| Untracked 
|  62|0x0000000713c00000, 0x0000000713c00000, 0x0000000713e00000|  0%| F|  |TAMS 0x0000000713c00000| PB 0x0000000713c00000| Untracked 
|  63|0x0000000713e00000, 0x0000000713e00000, 0x0000000714000000|  0%| F|  |TAMS 0x0000000713e00000| PB 0x0000000713e00000| Untracked 
|  64|0x0000000714000000, 0x0000000714000000, 0x0000000714200000|  0%| F|  |TAMS 0x0000000714000000| PB 0x0000000714000000| Untracked 
|  65|0x0000000714200000, 0x0000000714200000, 0x0000000714400000|  0%| F|  |TAMS 0x0000000714200000| PB 0x0000000714200000| Untracked 
|  66|0x0000000714400000, 0x0000000714400000, 0x0000000714600000|  0%| F|  |TAMS 0x0000000714400000| PB 0x0000000714400000| Untracked 
|  67|0x0000000714600000, 0x0000000714600000, 0x0000000714800000|  0%| F|  |TAMS 0x0000000714600000| PB 0x0000000714600000| Untracked 
|  68|0x0000000714800000, 0x0000000714800000, 0x0000000714a00000|  0%| F|  |TAMS 0x0000000714800000| PB 0x0000000714800000| Untracked 
|  69|0x0000000714a00000, 0x0000000714a00000, 0x0000000714c00000|  0%| F|  |TAMS 0x0000000714a00000| PB 0x0000000714a00000| Untracked 
|  70|0x0000000714c00000, 0x0000000714c00000, 0x0000000714e00000|  0%| F|  |TAMS 0x0000000714c00000| PB 0x0000000714c00000| Untracked 
|  71|0x0000000714e00000, 0x0000000714e00000, 0x0000000715000000|  0%| F|  |TAMS 0x0000000714e00000| PB 0x0000000714e00000| Untracked 
|  72|0x0000000715000000, 0x0000000715000000, 0x0000000715200000|  0%| F|  |TAMS 0x0000000715000000| PB 0x0000000715000000| Untracked 
|  73|0x0000000715200000, 0x0000000715200000, 0x0000000715400000|  0%| F|  |TAMS 0x0000000715200000| PB 0x0000000715200000| Untracked 
|  74|0x0000000715400000, 0x0000000715400000, 0x0000000715600000|  0%| F|  |TAMS 0x0000000715400000| PB 0x0000000715400000| Untracked 
|  75|0x0000000715600000, 0x0000000715600000, 0x0000000715800000|  0%| F|  |TAMS 0x0000000715600000| PB 0x0000000715600000| Untracked 
|  76|0x0000000715800000, 0x0000000715800000, 0x0000000715a00000|  0%| F|  |TAMS 0x0000000715800000| PB 0x0000000715800000| Untracked 
|  77|0x0000000715a00000, 0x0000000715a00000, 0x0000000715c00000|  0%| F|  |TAMS 0x0000000715a00000| PB 0x0000000715a00000| Untracked 
|  78|0x0000000715c00000, 0x0000000715c00000, 0x0000000715e00000|  0%| F|  |TAMS 0x0000000715c00000| PB 0x0000000715c00000| Untracked 
|  79|0x0000000715e00000, 0x0000000715e00000, 0x0000000716000000|  0%| F|  |TAMS 0x0000000715e00000| PB 0x0000000715e00000| Untracked 
|  80|0x0000000716000000, 0x0000000716000000, 0x0000000716200000|  0%| F|  |TAMS 0x0000000716000000| PB 0x0000000716000000| Untracked 
|  81|0x0000000716200000, 0x0000000716200000, 0x0000000716400000|  0%| F|  |TAMS 0x0000000716200000| PB 0x0000000716200000| Untracked 
|  82|0x0000000716400000, 0x0000000716400000, 0x0000000716600000|  0%| F|  |TAMS 0x0000000716400000| PB 0x0000000716400000| Untracked 
|  83|0x0000000716600000, 0x0000000716600000, 0x0000000716800000|  0%| F|  |TAMS 0x0000000716600000| PB 0x0000000716600000| Untracked 
|  84|0x0000000716800000, 0x0000000716800000, 0x0000000716a00000|  0%| F|  |TAMS 0x0000000716800000| PB 0x0000000716800000| Untracked 
|  85|0x0000000716a00000, 0x0000000716a00000, 0x0000000716c00000|  0%| F|  |TAMS 0x0000000716a00000| PB 0x0000000716a00000| Untracked 
|  86|0x0000000716c00000, 0x0000000716c00000, 0x0000000716e00000|  0%| F|  |TAMS 0x0000000716c00000| PB 0x0000000716c00000| Untracked 
|  87|0x0000000716e00000, 0x0000000716e00000, 0x0000000717000000|  0%| F|  |TAMS 0x0000000716e00000| PB 0x0000000716e00000| Untracked 
|  88|0x0000000717000000, 0x0000000717000000, 0x0000000717200000|  0%| F|  |TAMS 0x0000000717000000| PB 0x0000000717000000| Untracked 
|  89|0x0000000717200000, 0x0000000717200000, 0x0000000717400000|  0%| F|  |TAMS 0x0000000717200000| PB 0x0000000717200000| Untracked 
|  90|0x0000000717400000, 0x0000000717400000, 0x0000000717600000|  0%| F|  |TAMS 0x0000000717400000| PB 0x0000000717400000| Untracked 
|  91|0x0000000717600000, 0x0000000717600000, 0x0000000717800000|  0%| F|  |TAMS 0x0000000717600000| PB 0x0000000717600000| Untracked 
|  92|0x0000000717800000, 0x0000000717800000, 0x0000000717a00000|  0%| F|  |TAMS 0x0000000717800000| PB 0x0000000717800000| Untracked 
|  93|0x0000000717a00000, 0x0000000717a00000, 0x0000000717c00000|  0%| F|  |TAMS 0x0000000717a00000| PB 0x0000000717a00000| Untracked 
|  94|0x0000000717c00000, 0x0000000717c00000, 0x0000000717e00000|  0%| F|  |TAMS 0x0000000717c00000| PB 0x0000000717c00000| Untracked 
|  95|0x0000000717e00000, 0x0000000717e00000, 0x0000000718000000|  0%| F|  |TAMS 0x0000000717e00000| PB 0x0000000717e00000| Untracked 
|  96|0x0000000718000000, 0x0000000718000000, 0x0000000718200000|  0%| F|  |TAMS 0x0000000718000000| PB 0x0000000718000000| Untracked 
|  97|0x0000000718200000, 0x0000000718200000, 0x0000000718400000|  0%| F|  |TAMS 0x0000000718200000| PB 0x0000000718200000| Untracked 
|  98|0x0000000718400000, 0x0000000718400000, 0x0000000718600000|  0%| F|  |TAMS 0x0000000718400000| PB 0x0000000718400000| Untracked 
|  99|0x0000000718600000, 0x0000000718600000, 0x0000000718800000|  0%| F|  |TAMS 0x0000000718600000| PB 0x0000000718600000| Untracked 
| 100|0x0000000718800000, 0x0000000718800000, 0x0000000718a00000|  0%| F|  |TAMS 0x0000000718800000| PB 0x0000000718800000| Untracked 
| 101|0x0000000718a00000, 0x0000000718a00000, 0x0000000718c00000|  0%| F|  |TAMS 0x0000000718a00000| PB 0x0000000718a00000| Untracked 
| 102|0x0000000718c00000, 0x0000000718c00000, 0x0000000718e00000|  0%| F|  |TAMS 0x0000000718c00000| PB 0x0000000718c00000| Untracked 
| 103|0x0000000718e00000, 0x0000000718e00000, 0x0000000719000000|  0%| F|  |TAMS 0x0000000718e00000| PB 0x0000000718e00000| Untracked 
| 104|0x0000000719000000, 0x0000000719000000, 0x0000000719200000|  0%| F|  |TAMS 0x0000000719000000| PB 0x0000000719000000| Untracked 
| 105|0x0000000719200000, 0x0000000719200000, 0x0000000719400000|  0%| F|  |TAMS 0x0000000719200000| PB 0x0000000719200000| Untracked 
| 106|0x0000000719400000, 0x0000000719400000, 0x0000000719600000|  0%| F|  |TAMS 0x0000000719400000| PB 0x0000000719400000| Untracked 
| 107|0x0000000719600000, 0x0000000719600000, 0x0000000719800000|  0%| F|  |TAMS 0x0000000719600000| PB 0x0000000719600000| Untracked 
| 108|0x0000000719800000, 0x0000000719800000, 0x0000000719a00000|  0%| F|  |TAMS 0x0000000719800000| PB 0x0000000719800000| Untracked 
| 109|0x0000000719a00000, 0x0000000719acffd0, 0x0000000719c00000| 40%| S|CS|TAMS 0x0000000719a00000| PB 0x0000000719a00000| Complete 
| 110|0x0000000719c00000, 0x0000000719e00000, 0x0000000719e00000|100%| S|CS|TAMS 0x0000000719c00000| PB 0x0000000719c00000| Complete 
| 111|0x0000000719e00000, 0x0000000719e00000, 0x000000071a000000|  0%| F|  |TAMS 0x0000000719e00000| PB 0x0000000719e00000| Untracked 
| 112|0x000000071a000000, 0x000000071a000000, 0x000000071a200000|  0%| F|  |TAMS 0x000000071a000000| PB 0x000000071a000000| Untracked 
| 113|0x000000071a200000, 0x000000071a200000, 0x000000071a400000|  0%| F|  |TAMS 0x000000071a200000| PB 0x000000071a200000| Untracked 
| 114|0x000000071a400000, 0x000000071a400000, 0x000000071a600000|  0%| F|  |TAMS 0x000000071a400000| PB 0x000000071a400000| Untracked 
| 115|0x000000071a600000, 0x000000071a600000, 0x000000071a800000|  0%| F|  |TAMS 0x000000071a600000| PB 0x000000071a600000| Untracked 
| 116|0x000000071a800000, 0x000000071a800000, 0x000000071aa00000|  0%| F|  |TAMS 0x000000071a800000| PB 0x000000071a800000| Untracked 
| 117|0x000000071aa00000, 0x000000071aaf64d0, 0x000000071ac00000| 48%| E|  |TAMS 0x000000071aa00000| PB 0x000000071aa00000| Complete 
| 118|0x000000071ac00000, 0x000000071ae00000, 0x000000071ae00000|100%| E|CS|TAMS 0x000000071ac00000| PB 0x000000071ac00000| Complete 
| 119|0x000000071ae00000, 0x000000071b000000, 0x000000071b000000|100%| E|CS|TAMS 0x000000071ae00000| PB 0x000000071ae00000| Complete 
| 120|0x000000071b000000, 0x000000071b200000, 0x000000071b200000|100%| E|CS|TAMS 0x000000071b000000| PB 0x000000071b000000| Complete 
| 121|0x000000071b200000, 0x000000071b400000, 0x000000071b400000|100%| E|CS|TAMS 0x000000071b200000| PB 0x000000071b200000| Complete 

Card table byte_map: [0x0000017f35990000,0x0000017f36130000] _byte_map_base: 0x0000017f32130000

Marking Bits: (CMBitMap*) 0x0000017f21a48cb0
 Bits: [0x0000017f36130000, 0x0000017f39e30000)

Polling page: 0x0000017f211a0000

Metaspace:

Usage:
  Non-class:      4.29 MB used.
      Class:    471.45 KB used.
       Both:      4.75 MB used.

Virtual space:
  Non-class space:       64.00 MB reserved,       4.44 MB (  7%) committed,  1 nodes.
      Class space:        1.00 GB reserved,     576.00 KB ( <1%) committed,  1 nodes.
             Both:        1.06 GB reserved,       5.00 MB ( <1%) committed. 

Chunk freelists:
   Non-Class:  10.29 MB
       Class:  15.48 MB
        Both:  25.77 MB

MaxMetaspaceSize: unlimited
CompressedClassSpaceSize: 1.00 GB
Initial GC threshold: 21.00 MB
Current GC threshold: 21.00 MB
CDS: on
 - commit_granule_bytes: 65536.
 - commit_granule_words: 8192.
 - virtual_space_node_default_size: 8388608.
 - enlarge_chunks_in_place: 1.
 - use_allocation_guard: 0.


Internal statistics:

num_allocs_failed_limit: 0.
num_arena_births: 116.
num_arena_deaths: 0.
num_vsnodes_births: 2.
num_vsnodes_deaths: 0.
num_space_committed: 80.
num_space_uncommitted: 0.
num_chunks_returned_to_freelist: 0.
num_chunks_taken_from_freelist: 209.
num_chunk_merges: 0.
num_chunk_splits: 141.
num_chunks_enlarged: 99.
num_inconsistent_stats: 0.

CodeHeap 'non-profiled nmethods': size=119168Kb used=512Kb max_used=512Kb free=118655Kb
 bounds [0x0000017f2d510000, 0x0000017f2d780000, 0x0000017f34970000]
CodeHeap 'profiled nmethods': size=119104Kb used=3511Kb max_used=3511Kb free=115593Kb
 bounds [0x0000017f25970000, 0x0000017f25ce0000, 0x0000017f2cdc0000]
CodeHeap 'non-nmethods': size=7488Kb used=3113Kb max_used=3157Kb free=4375Kb
 bounds [0x0000017f2cdc0000, 0x0000017f2d0e0000, 0x0000017f2d510000]
 total_blobs=2170 nmethods=1704 adapters=368
 compilation: enabled
              stopped_count=0, restarted_count=0
 full_count=0

Compilation events (20 events):
Event: 0.548 Thread 0x0000017f7e372440 nmethod 1382 0x0000017f25c36a10 code [0x0000017f25c36bc0, 0x0000017f25c36d38]
Event: 0.548 Thread 0x0000017f7e372440 1388       3       org.jetbrains.capture.org.objectweb.asm.ClassReader::readUtf (62 bytes)
Event: 0.548 Thread 0x0000017f7e220340 1385       3       org.jetbrains.capture.org.objectweb.asm.ClassReader::readUTF8 (23 bytes)
Event: 0.548 Thread 0x0000017f7e333160 nmethod 1381 0x0000017f25c36e10 code [0x0000017f25c37000, 0x0000017f25c37518]
Event: 0.548 Thread 0x0000017f7e372440 nmethod 1388 0x0000017f25c37690 code [0x0000017f25c37860, 0x0000017f25c37bc8]
Event: 0.548 Thread 0x0000017f7e1218a0 nmethod 1383 0x0000017f25c37d90 code [0x0000017f25c37f80, 0x0000017f25c38390]
Event: 0.548 Thread 0x0000017f7e1218a0 1396       3       org.jetbrains.capture.org.objectweb.asm.Frame::merge (322 bytes)
Event: 0.548 Thread 0x0000017f7e333160 1392       3       org.jetbrains.capture.org.objectweb.asm.ByteVector::putShort (52 bytes)
Event: 0.548 Thread 0x0000017f7e372440 1390       3       org.jetbrains.capture.org.objectweb.asm.SymbolTable::hash (10 bytes)
Event: 0.548 Thread 0x0000017f7ebcfa80 1380       4       java.util.regex.Pattern$Slice::match (79 bytes)
Event: 0.548 Thread 0x0000017f7e220340 nmethod 1385 0x0000017f25c38590 code [0x0000017f25c38760, 0x0000017f25c389a8]
Event: 0.548 Thread 0x0000017f7e220340 1393       3       org.jetbrains.capture.org.objectweb.asm.SymbolTable::get (13 bytes)
Event: 0.548 Thread 0x0000017f7e372440 nmethod 1390 0x0000017f25c38a90 code [0x0000017f25c38c40, 0x0000017f25c38d70]
Event: 0.548 Thread 0x0000017f7e372440 1394       3       org.jetbrains.capture.org.objectweb.asm.Frame::execute (2318 bytes)
Event: 0.548 Thread 0x0000017f7e220340 nmethod 1393 0x0000017f25c38e90 code [0x0000017f25c39040, 0x0000017f25c391a0]
Event: 0.548 Thread 0x0000017f7e333160 nmethod 1392 0x0000017f25c39290 code [0x0000017f25c39440, 0x0000017f25c39650]
Event: 0.548 Thread 0x0000017f7e220340 1395       3       org.jetbrains.capture.org.objectweb.asm.ClassReader::readBytecodeInstructionOffset (1 bytes)
Event: 0.548 Thread 0x0000017f7e333160 1386       3       org.jetbrains.capture.org.objectweb.asm.Symbol::<init> (38 bytes)
Event: 0.548 Thread 0x0000017f7e220340 nmethod 1395 0x0000017f25c39790 code [0x0000017f25c39920, 0x0000017f25c39a28]
Event: 0.548 Thread 0x0000017f7e220340 1387       3       org.jetbrains.capture.org.objectweb.asm.SymbolTable::add (39 bytes)

GC Heap History (2 events):
Event: 0.432 GC heap before
{Heap before GC invocations=0 (full 0):
 garbage-first heap   total 249856K, used 22528K [0x000000070c000000, 0x0000000800000000)
  region size 2048K, 11 young (22528K), 0 survivors (0K)
 Metaspace       used 3316K, committed 3456K, reserved 1114112K
  class space    used 312K, committed 384K, reserved 1048576K
}
Event: 0.436 GC heap after
{Heap after GC invocations=1 (full 0):
 garbage-first heap   total 249856K, used 2879K [0x000000070c000000, 0x0000000800000000)
  region size 2048K, 2 young (4096K), 2 survivors (4096K)
 Metaspace       used 3316K, committed 3456K, reserved 1114112K
  class space    used 312K, committed 384K, reserved 1048576K
}

Dll operation events (2 events):
Event: 0.010 Loaded shared library C:\Users\messi\Downloads\jbr_jcef-21.0.5-windows-x64-b631.30\jbr_jcef-21.0.5-windows-x64-b631.30\bin\java.dll
Event: 0.012 Loaded shared library C:\Users\messi\Downloads\jbr_jcef-21.0.5-windows-x64-b631.30\jbr_jcef-21.0.5-windows-x64-b631.30\bin\zip.dll

Deoptimization events (20 events):
Event: 0.501 Thread 0x0000017f1f785010 Uncommon trap: trap_request=0xffffff45 fr.pc=0x0000017f2d560a00 relative=0x0000000000000420
Event: 0.501 Thread 0x0000017f1f785010 Uncommon trap: reason=unstable_if action=reinterpret pc=0x0000017f2d560a00 method=java.util.HashMap.hash(Ljava/lang/Object;)I @ 1 c2
Event: 0.501 Thread 0x0000017f1f785010 DEOPT PACKING pc=0x0000017f2d560a00 sp=0x00000039a6afd670
Event: 0.501 Thread 0x0000017f1f785010 DEOPT UNPACKING pc=0x0000017f2ce146a2 sp=0x00000039a6afd588 mode 2
Event: 0.502 Thread 0x0000017f1f785010 Uncommon trap: trap_request=0xffffff45 fr.pc=0x0000017f2d540c28 relative=0x00000000000003c8
Event: 0.502 Thread 0x0000017f1f785010 Uncommon trap: reason=unstable_if action=reinterpret pc=0x0000017f2d540c28 method=java.util.zip.Inflater.inflate([BII)I @ 345 c2
Event: 0.502 Thread 0x0000017f1f785010 DEOPT PACKING pc=0x0000017f2d540c28 sp=0x00000039a6afd170
Event: 0.502 Thread 0x0000017f1f785010 DEOPT UNPACKING pc=0x0000017f2ce146a2 sp=0x00000039a6afd0e8 mode 2
Event: 0.502 Thread 0x0000017f1f785010 Uncommon trap: trap_request=0xffffff6e fr.pc=0x0000017f2d53a380 relative=0x00000000000008a0
Event: 0.502 Thread 0x0000017f1f785010 Uncommon trap: reason=loop_limit_check action=maybe_recompile pc=0x0000017f2d53a380 method=java.util.regex.Pattern$Start.match(Ljava/util/regex/Matcher;ILjava/lang/CharSequence;)Z @ 34 c2
Event: 0.502 Thread 0x0000017f1f785010 DEOPT PACKING pc=0x0000017f2d53a380 sp=0x00000039a6afd270
Event: 0.502 Thread 0x0000017f1f785010 DEOPT UNPACKING pc=0x0000017f2ce146a2 sp=0x00000039a6afd1d0 mode 2
Event: 0.502 Thread 0x0000017f1f785010 Uncommon trap: trap_request=0xffffff45 fr.pc=0x0000017f2d5449e8 relative=0x0000000000000728
Event: 0.502 Thread 0x0000017f1f785010 Uncommon trap: reason=unstable_if action=reinterpret pc=0x0000017f2d5449e8 method=java.util.zip.InflaterInputStream.read([BII)I @ 37 c2
Event: 0.502 Thread 0x0000017f1f785010 DEOPT PACKING pc=0x0000017f2d5449e8 sp=0x00000039a6afd200
Event: 0.502 Thread 0x0000017f1f785010 DEOPT UNPACKING pc=0x0000017f2ce146a2 sp=0x00000039a6afd1f0 mode 2
Event: 0.502 Thread 0x0000017f1f785010 Uncommon trap: trap_request=0xffffff45 fr.pc=0x0000017f2d566bbc relative=0x000000000000119c
Event: 0.502 Thread 0x0000017f1f785010 Uncommon trap: reason=unstable_if action=reinterpret pc=0x0000017f2d566bbc method=java.util.HashMap.hash(Ljava/lang/Object;)I @ 1 c2
Event: 0.502 Thread 0x0000017f1f785010 DEOPT PACKING pc=0x0000017f2d566bbc sp=0x00000039a6afd5a0
Event: 0.502 Thread 0x0000017f1f785010 DEOPT UNPACKING pc=0x0000017f2ce146a2 sp=0x00000039a6afd570 mode 2

Classes loaded (20 events):
Event: 0.530 Loading class org/jetbrains/capture/org/objectweb/asm/Opcodes
Event: 0.530 Loading class org/jetbrains/capture/org/objectweb/asm/Opcodes done
Event: 0.530 Loading class com/intellij/rt/debugger/agent/ThrowableTransformer$1$2
Event: 0.530 Loading class com/intellij/rt/debugger/agent/ThrowableTransformer$1$2 done
Event: 0.531 Loading class org/jetbrains/capture/org/objectweb/asm/Handler
Event: 0.531 Loading class org/jetbrains/capture/org/objectweb/asm/Handler done
Event: 0.532 Loading class org/jetbrains/capture/org/objectweb/asm/AnnotationWriter
Event: 0.532 Loading class org/jetbrains/capture/org/objectweb/asm/AnnotationVisitor
Event: 0.532 Loading class org/jetbrains/capture/org/objectweb/asm/AnnotationVisitor done
Event: 0.532 Loading class org/jetbrains/capture/org/objectweb/asm/AnnotationWriter done
Event: 0.532 Loading class com/intellij/rt/debugger/agent/CaptureStorage$ConcurrentIdentityWeakHashMap
Event: 0.532 Loading class com/intellij/rt/debugger/agent/CaptureStorage$ConcurrentIdentityWeakHashMap done
Event: 0.532 Loading class com/intellij/rt/debugger/agent/CaptureStorage$1
Event: 0.532 Loading class com/intellij/rt/debugger/agent/CaptureStorage$1 done
Event: 0.532 Loading class com/intellij/rt/debugger/agent/CaptureStorage$2
Event: 0.532 Loading class com/intellij/rt/debugger/agent/CaptureStorage$2 done
Event: 0.533 Loading class java/lang/ClassFormatError
Event: 0.533 Loading class java/lang/ClassFormatError done
Event: 0.533 Loading class org/hotswap/agent/javassist/compiler/CompileError
Event: 0.533 Loading class org/hotswap/agent/javassist/compiler/CompileError done

Classes unloaded (0 events):
No events

Classes redefined (20 events):
Event: 0.536 Thread 0x0000017f3ce7dc60 redefined class name=java.lang.IllegalArgumentException, count=1
Event: 0.536 Thread 0x0000017f3ce7dc60 redefined class name=java.nio.file.InvalidPathException, count=1
Event: 0.536 Thread 0x0000017f3ce7dc60 redefined class name=java.lang.NullPointerException, count=1
Event: 0.536 Thread 0x0000017f3ce7dc60 redefined class name=java.lang.NumberFormatException, count=1
Event: 0.536 Thread 0x0000017f3ce7dc60 redefined class name=java.lang.IllegalMonitorStateException, count=1
Event: 0.536 Thread 0x0000017f3ce7dc60 redefined class name=java.lang.ArithmeticException, count=1
Event: 0.536 Thread 0x0000017f3ce7dc60 redefined class name=java.lang.LinkageError, count=1
Event: 0.536 Thread 0x0000017f3ce7dc60 redefined class name=java.lang.IncompatibleClassChangeError, count=1
Event: 0.536 Thread 0x0000017f3ce7dc60 redefined class name=java.lang.VirtualMachineError, count=1
Event: 0.536 Thread 0x0000017f3ce7dc60 redefined class name=java.lang.ArrayStoreException, count=1
Event: 0.536 Thread 0x0000017f3ce7dc60 redefined class name=java.lang.ClassCastException, count=1
Event: 0.536 Thread 0x0000017f3ce7dc60 redefined class name=java.lang.NoClassDefFoundError, count=1
Event: 0.536 Thread 0x0000017f3ce7dc60 redefined class name=java.lang.InternalError, count=1
Event: 0.536 Thread 0x0000017f3ce7dc60 redefined class name=java.lang.NoSuchMethodError, count=1
Event: 0.536 Thread 0x0000017f3ce7dc60 redefined class name=java.lang.IllegalAccessError, count=1
Event: 0.536 Thread 0x0000017f3ce7dc60 redefined class name=java.lang.OutOfMemoryError, count=1
Event: 0.536 Thread 0x0000017f3ce7dc60 redefined class name=java.lang.StackOverflowError, count=1
Event: 0.536 Thread 0x0000017f3ce7dc60 redefined class name=java.lang.BootstrapMethodError, count=1
Event: 0.536 Thread 0x0000017f3ce7dc60 redefined class name=org.hotswap.agent.javassist.compiler.CompileError, count=1
Event: 0.536 Thread 0x0000017f3ce7dc60 redefined class name=java.lang.ClassFormatError, count=1

Internal exceptions (12 events):
Event: 0.178 Thread 0x0000017f1f785010 Exception <a 'java/lang/NoSuchMethodError'{0x000000071aca29c8}: 'void java.lang.invoke.DirectMethodHandle$Holder.invokeStatic(java.lang.Object, java.lang.Object, java.lang.Object)'> (0x000000071aca29c8) 
thrown [s\src\hotspot\share\interpreter\linkResolver.cpp, line 784]
Event: 0.183 Thread 0x0000017f1f785010 Exception <a 'java/lang/NoSuchMethodError'{0x000000071acba4e0}: 'java.lang.Object java.lang.invoke.Invokers$Holder.invokeExact_MT(java.lang.Object, java.lang.Object, java.lang.Object, java.lang.Object, java.lang.Object)'> (0x000000071acba4e0) 
thrown [s\src\hotspot\share\interpreter\linkResolver.cpp, line 784]
Event: 0.356 Thread 0x0000017f1f785010 Exception <a 'java/lang/NoSuchMethodError'{0x000000071a0e81a0}: 'java.lang.Object java.lang.invoke.DirectMethodHandle$Holder.newInvokeSpecial(java.lang.Object, java.lang.Object, java.lang.Object, java.lang.Object, java.lang.Object)'> (0x000000071a0e81a0) 
thrown [s\src\hotspot\share\interpreter\linkResolver.cpp, line 784]
Event: 0.358 Thread 0x0000017f1f785010 Exception <a 'java/lang/NoSuchMethodError'{0x000000071a0feec8}: 'java.lang.Object java.lang.invoke.DirectMethodHandle$Holder.invokeInterface(java.lang.Object, java.lang.Object)'> (0x000000071a0feec8) 
thrown [s\src\hotspot\share\interpreter\linkResolver.cpp, line 784]
Event: 0.358 Thread 0x0000017f1f785010 Exception <a 'java/lang/IncompatibleClassChangeError'{0x000000071a102150}: Found class java.lang.Object, but interface was expected> (0x000000071a102150) 
thrown [s\src\hotspot\share\interpreter\linkResolver.cpp, line 851]
Event: 0.362 Thread 0x0000017f1f785010 Exception <a 'java/lang/NoSuchMethodError'{0x000000071a1261d8}: 'void java.lang.invoke.DirectMethodHandle$Holder.invokeSpecial(java.lang.Object, java.lang.Object, java.lang.Object)'> (0x000000071a1261d8) 
thrown [s\src\hotspot\share\interpreter\linkResolver.cpp, line 784]
Event: 0.363 Thread 0x0000017f1f785010 Exception <a 'java/lang/NoSuchMethodError'{0x000000071a12cd08}: 'void java.lang.invoke.Invokers$Holder.invokeExact_MT(java.lang.Object, java.lang.Object, java.lang.Object)'> (0x000000071a12cd08) 
thrown [s\src\hotspot\share\interpreter\linkResolver.cpp, line 784]
Event: 0.368 Thread 0x0000017f1f785010 Exception <a 'java/lang/NoSuchMethodError'{0x000000071a16c498}: 'void java.lang.invoke.DirectMethodHandle$Holder.invokeStatic(java.lang.Object, java.lang.Object, java.lang.Object, java.lang.Object)'> (0x000000071a16c498) 
thrown [s\src\hotspot\share\interpreter\linkResolver.cpp, line 784]
Event: 0.368 Thread 0x0000017f1f785010 Exception <a 'java/lang/NoSuchMethodError'{0x000000071a170328}: 'void java.lang.invoke.DirectMethodHandle$Holder.invokeSpecial(java.lang.Object, java.lang.Object, java.lang.Object, java.lang.Object, java.lang.Object)'> (0x000000071a170328) 
thrown [s\src\hotspot\share\interpreter\linkResolver.cpp, line 784]
Event: 0.370 Thread 0x0000017f1f785010 Exception <a 'java/lang/NoSuchMethodError'{0x000000071a1865b0}: 'java.lang.Object java.lang.invoke.Invokers$Holder.invokeExact_MT(java.lang.Object, java.lang.Object, java.lang.Object, java.lang.Object, java.lang.Object, java.lang.Object)'> (0x000000071a1865b0) 
thrown [s\src\hotspot\share\interpreter\linkResolver.cpp, line 784]
Event: 0.501 Thread 0x0000017f1f785010 Implicit null exception at 0x0000017f2d56063f to 0x0000017f2d5609d8
Event: 0.502 Thread 0x0000017f1f785010 Implicit null exception at 0x0000017f2d565a71 to 0x0000017f2d566ba8

ZGC Phase Switch (0 events):
No events

VM Operations (18 events):
Event: 0.057 Executing VM operation: HandshakeAllThreads (Deoptimize)
Event: 0.057 Executing VM operation: HandshakeAllThreads (Deoptimize) done
Event: 0.104 Executing VM operation: ChangeBreakpoints
Event: 0.104 Executing VM operation: ChangeBreakpoints done
Event: 0.104 Executing VM operation: ChangeBreakpoints
Event: 0.104 Executing VM operation: ChangeBreakpoints done
Event: 0.166 Executing VM operation: HandshakeAllThreads (Deoptimize)
Event: 0.166 Executing VM operation: HandshakeAllThreads (Deoptimize) done
Event: 0.188 Executing VM operation: HandshakeAllThreads (Deoptimize)
Event: 0.188 Executing VM operation: HandshakeAllThreads (Deoptimize) done
Event: 0.383 Executing VM operation: HandshakeAllThreads (Deoptimize)
Event: 0.383 Executing VM operation: HandshakeAllThreads (Deoptimize) done
Event: 0.432 Executing VM operation: G1CollectForAllocation (G1 Evacuation Pause)
Event: 0.436 Executing VM operation: G1CollectForAllocation (G1 Evacuation Pause) done
Event: 0.535 Executing VM operation: HandshakeAllThreads (Deoptimize)
Event: 0.535 Executing VM operation: HandshakeAllThreads (Deoptimize) done
Event: 0.536 Executing VM operation: RedefineClasses (Heap Inspection Initiated GC)
Event: 0.547 Executing VM operation: RedefineClasses (Heap Inspection Initiated GC) done

Memory protections (0 events):
No events

Nmethod flushes (0 events):
No events

Events (20 events):
Event: 0.034 Thread 0x0000017f1f785010 Thread added: 0x0000017f3ceadb80
Event: 0.034 Thread 0x0000017f1f785010 Thread added: 0x0000017f7e1218a0
Event: 0.051 Thread 0x0000017f1f785010 Thread added: 0x0000017f7e1f1fa0
Event: 0.058 Thread 0x0000017f7e1218a0 Thread added: 0x0000017f7e220340
Event: 0.072 Thread 0x0000017f1f785010 Thread added: 0x0000017f7e3378b0
Event: 0.072 Thread 0x0000017f1f785010 Thread added: 0x0000017f7e337f30
Event: 0.072 Thread 0x0000017f7e3378b0 Thread added: 0x0000017f7e344860
Event: 0.106 Loaded shared library C:\Users\messi\Downloads\jbr_jcef-21.0.5-windows-x64-b631.30\jbr_jcef-21.0.5-windows-x64-b631.30\bin\instrument.dll
Event: 0.115 Loaded shared library C:\Users\messi\Downloads\jbr_jcef-21.0.5-windows-x64-b631.30\jbr_jcef-21.0.5-windows-x64-b631.30\bin\net.dll
Event: 0.117 Loaded shared library C:\Users\messi\Downloads\jbr_jcef-21.0.5-windows-x64-b631.30\jbr_jcef-21.0.5-windows-x64-b631.30\bin\nio.dll
Event: 0.123 Loaded shared library C:\Users\messi\Downloads\jbr_jcef-21.0.5-windows-x64-b631.30\jbr_jcef-21.0.5-windows-x64-b631.30\bin\zip.dll
Event: 0.137 Thread 0x0000017f7e220340 Thread added: 0x0000017f7e333160
Event: 0.137 Thread 0x0000017f7e220340 Thread added: 0x0000017f7e372440
Event: 0.145 Loaded shared library C:\Users\messi\Downloads\jbr_jcef-21.0.5-windows-x64-b631.30\jbr_jcef-21.0.5-windows-x64-b631.30\bin\jimage.dll
Event: 0.159 Thread 0x0000017f7e372440 Thread added: 0x0000017f7e4fa980
Event: 0.211 Thread 0x0000017f1f785010 Thread added: 0x0000017f7e602090
Event: 0.213 Thread 0x0000017f1f785010 Thread added: 0x0000017f7e4f2b70
Event: 0.213 Thread 0x0000017f1f785010 Thread added: 0x0000017f7e4f35d0
Event: 0.215 Thread 0x0000017f1f785010 Thread added: 0x0000017f7e4ebd20
Event: 0.548 Thread 0x0000017f7e220340 Thread added: 0x0000017f7ebcfa80


Dynamic libraries:
0x00007ff634a90000 - 0x00007ff634a9a000 	C:\Users\messi\Downloads\jbr_jcef-21.0.5-windows-x64-b631.30\jbr_jcef-21.0.5-windows-x64-b631.30\bin\java.exe
0x00007ffbfa770000 - 0x00007ffbfa987000 	C:\WINDOWS\SYSTEM32\ntdll.dll
0x00007ffbf8f00000 - 0x00007ffbf8fc4000 	C:\WINDOWS\System32\KERNEL32.DLL
0x00007ffbf7d60000 - 0x00007ffbf811a000 	C:\WINDOWS\System32\KERNELBASE.dll
0x00007ffbf8350000 - 0x00007ffbf8461000 	C:\WINDOWS\System32\ucrtbase.dll
0x00007ffbf2750000 - 0x00007ffbf276b000 	C:\Users\messi\Downloads\jbr_jcef-21.0.5-windows-x64-b631.30\jbr_jcef-21.0.5-windows-x64-b631.30\bin\VCRUNTIME140.dll
0x00007ffbf25c0000 - 0x00007ffbf25d8000 	C:\Users\messi\Downloads\jbr_jcef-21.0.5-windows-x64-b631.30\jbr_jcef-21.0.5-windows-x64-b631.30\bin\jli.dll
0x00007ffbf8d50000 - 0x00007ffbf8efe000 	C:\WINDOWS\System32\USER32.dll
0x00007ffbf7a40000 - 0x00007ffbf7a66000 	C:\WINDOWS\System32\win32u.dll
0x00007ffbdcec0000 - 0x00007ffbdd152000 	C:\WINDOWS\WinSxS\amd64_microsoft.windows.common-controls_6595b64144ccf1df_6.0.22621.4541_none_2710d1c57384c085\COMCTL32.dll
0x00007ffbfa680000 - 0x00007ffbfa727000 	C:\WINDOWS\System32\msvcrt.dll
0x00007ffbf9710000 - 0x00007ffbf9739000 	C:\WINDOWS\System32\GDI32.dll
0x00007ffbf7b90000 - 0x00007ffbf7cab000 	C:\WINDOWS\System32\gdi32full.dll
0x00007ffbf7af0000 - 0x00007ffbf7b8a000 	C:\WINDOWS\System32\msvcp_win.dll
0x00007ffbf9740000 - 0x00007ffbf9771000 	C:\WINDOWS\System32\IMM32.DLL
0x00007ffbf4ae0000 - 0x00007ffbf4aec000 	C:\Users\messi\Downloads\jbr_jcef-21.0.5-windows-x64-b631.30\jbr_jcef-21.0.5-windows-x64-b631.30\bin\vcruntime140_1.dll
0x00007ffbce920000 - 0x00007ffbce9ad000 	C:\Users\messi\Downloads\jbr_jcef-21.0.5-windows-x64-b631.30\jbr_jcef-21.0.5-windows-x64-b631.30\bin\msvcp140.dll
0x00007ffbaf340000 - 0x00007ffbb0101000 	C:\Users\messi\Downloads\jbr_jcef-21.0.5-windows-x64-b631.30\jbr_jcef-21.0.5-windows-x64-b631.30\bin\server\jvm.dll
0x00007ffbf9550000 - 0x00007ffbf9602000 	C:\WINDOWS\System32\ADVAPI32.dll
0x00007ffbf9830000 - 0x00007ffbf98d7000 	C:\WINDOWS\System32\sechost.dll
0x00007ffbf7cb0000 - 0x00007ffbf7cd8000 	C:\WINDOWS\System32\bcrypt.dll
0x00007ffbf9950000 - 0x00007ffbf9a64000 	C:\WINDOWS\System32\RPCRT4.dll
0x00007ffbf8b50000 - 0x00007ffbf8bc1000 	C:\WINDOWS\System32\WS2_32.dll
0x00007ffbec440000 - 0x00007ffbec474000 	C:\WINDOWS\SYSTEM32\WINMM.dll
0x00007ffbf7860000 - 0x00007ffbf78ad000 	C:\WINDOWS\SYSTEM32\POWRPROF.dll
0x00007ffbf18b0000 - 0x00007ffbf18ba000 	C:\WINDOWS\SYSTEM32\VERSION.dll
0x00007ffbf7840000 - 0x00007ffbf7853000 	C:\WINDOWS\SYSTEM32\UMPDC.dll
0x00007ffbf69e0000 - 0x00007ffbf69f8000 	C:\WINDOWS\SYSTEM32\kernel.appcore.dll
0x00007ffbedb90000 - 0x00007ffbedb9a000 	C:\Users\messi\Downloads\jbr_jcef-21.0.5-windows-x64-b631.30\jbr_jcef-21.0.5-windows-x64-b631.30\bin\jimage.dll
0x00007ffbeff70000 - 0x00007ffbf01a2000 	C:\WINDOWS\SYSTEM32\DBGHELP.DLL
0x00007ffbf9a70000 - 0x00007ffbf9dff000 	C:\WINDOWS\System32\combase.dll
0x00007ffbf91b0000 - 0x00007ffbf9287000 	C:\WINDOWS\System32\OLEAUT32.dll
0x00007ffbee960000 - 0x00007ffbee992000 	C:\WINDOWS\SYSTEM32\dbgcore.DLL
0x00007ffbf7ce0000 - 0x00007ffbf7d5b000 	C:\WINDOWS\System32\bcryptPrimitives.dll
0x00007ffbd1680000 - 0x00007ffbd16bc000 	C:\Users\messi\Downloads\jbr_jcef-21.0.5-windows-x64-b631.30\jbr_jcef-21.0.5-windows-x64-b631.30\bin\jdwp.dll
0x00007ffbe4f00000 - 0x00007ffbe4f0e000 	C:\Users\messi\Downloads\jbr_jcef-21.0.5-windows-x64-b631.30\jbr_jcef-21.0.5-windows-x64-b631.30\bin\instrument.dll
0x00007ffbe2830000 - 0x00007ffbe2850000 	C:\Users\messi\Downloads\jbr_jcef-21.0.5-windows-x64-b631.30\jbr_jcef-21.0.5-windows-x64-b631.30\bin\java.dll
0x00007ffbe2810000 - 0x00007ffbe2828000 	C:\Users\messi\Downloads\jbr_jcef-21.0.5-windows-x64-b631.30\jbr_jcef-21.0.5-windows-x64-b631.30\bin\zip.dll
0x00007ffbf9e00000 - 0x00007ffbfa678000 	C:\WINDOWS\System32\SHELL32.dll
0x00007ffbf5930000 - 0x00007ffbf6238000 	C:\WINDOWS\SYSTEM32\windows.storage.dll
0x00007ffbf57f0000 - 0x00007ffbf592f000 	C:\WINDOWS\SYSTEM32\wintypes.dll
0x00007ffbf9360000 - 0x00007ffbf945a000 	C:\WINDOWS\System32\SHCORE.dll
0x00007ffbf9470000 - 0x00007ffbf94ce000 	C:\WINDOWS\System32\shlwapi.dll
0x00007ffbf7970000 - 0x00007ffbf799b000 	C:\WINDOWS\SYSTEM32\profapi.dll
0x00007ffbe4560000 - 0x00007ffbe456b000 	C:\Users\messi\Downloads\jbr_jcef-21.0.5-windows-x64-b631.30\jbr_jcef-21.0.5-windows-x64-b631.30\bin\dt_socket.dll
0x00007ffbf64e0000 - 0x00007ffbf650d000 	C:\WINDOWS\SYSTEM32\IPHLPAPI.DLL
0x00007ffbf6ec0000 - 0x00007ffbf6f29000 	C:\WINDOWS\system32\mswsock.dll
0x00007ffbe4850000 - 0x00007ffbe4860000 	C:\Users\messi\Downloads\jbr_jcef-21.0.5-windows-x64-b631.30\jbr_jcef-21.0.5-windows-x64-b631.30\bin\net.dll
0x00007ffbf3880000 - 0x00007ffbf39b6000 	C:\WINDOWS\SYSTEM32\WINHTTP.dll
0x00007ffbe1300000 - 0x00007ffbe1316000 	C:\Users\messi\Downloads\jbr_jcef-21.0.5-windows-x64-b631.30\jbr_jcef-21.0.5-windows-x64-b631.30\bin\nio.dll

dbghelp: loaded successfully - version: 4.0.5 - missing functions: none
symbol engine: initialized successfully - sym options: 0x614 - pdb path: .;C:\Users\messi\Downloads\jbr_jcef-21.0.5-windows-x64-b631.30\jbr_jcef-21.0.5-windows-x64-b631.30\bin;C:\WINDOWS\SYSTEM32;C:\WINDOWS\WinSxS\amd64_microsoft.windows.common-controls_6595b64144ccf1df_6.0.22621.4541_none_2710d1c57384c085;C:\Users\messi\Downloads\jbr_jcef-21.0.5-windows-x64-b631.30\jbr_jcef-21.0.5-windows-x64-b631.30\bin\server

VM Arguments:
jvm_args: -agentlib:jdwp=transport=dt_socket,address=127.0.0.1:57905,suspend=y,server=n -javaagent:C:\Users\messi\.hotswap\hotswap-agent.jar -XX:+AllowEnhancedClassRedefinition -XX:HotswapAgent=external -XX:+ClassUnloading --add-opens=java.base/sun.nio.ch=ALL-UNNAMED --add-opens=java.base/java.lang=ALL-UNNAMED --add-opens=java.base/java.lang.reflect=ALL-UNNAMED --add-opens=java.base/java.io=ALL-UNNAMED --add-opens=java.base/sun.security.action=ALL-UNNAMED --add-opens=java.base/jdk.internal.reflect=ALL-UNNAMED -javaagent:C:\Users\messi\AppData\Local\JetBrains\IdeaIC2024.3\captureAgent\debugger-agent.jar -Dkotlinx.coroutines.debug.enable.creation.stack.trace=false -Ddebugger.agent.enable.coroutines=true -Dkotlinx.coroutines.debug.enable.flows.stack.trace=true -Dkotlinx.coroutines.debug.enable.mutable.state.flows.stack.trace=true -Dfile.encoding=UTF-8 -Dsun.stdout.encoding=UTF-8 -Dsun.stderr.encoding=UTF-8 
java_command: org.example.harderlibrary.Main
java_class_path (initial): C:\Users\messi\eclipse-workspace\NewTraining\out\production\classes;C:\Users\messi\eclipse-workspace\NewTraining\out\production\resources;C:\Users\messi\Downloads\mysql-connector-j-9.1.0\mysql-connector-j-9.1.0\mysql-connector-j-9.1.0.jar;C:\Program Files\JetBrains\IntelliJ IDEA Community Edition 2024.3\lib\idea_rt.jar
Launcher Type: SUN_STANDARD

[Global flags]
     bool AllowEnhancedClassRedefinition           = true                                      {product} {command line}
     intx CICompilerCount                          = 12                                        {product} {ergonomic}
     bool ClassUnloading                           = true                                      {product} {command line}
     uint ConcGCThreads                            = 3                                         {product} {ergonomic}
     uint G1ConcRefinementThreads                  = 13                                        {product} {ergonomic}
   size_t G1HeapRegionSize                         = 2097152                                   {product} {ergonomic}
    uintx GCDrainStackTargetSize                   = 64                                        {product} {ergonomic}
    ccstr HotswapAgent                             = external                                  {product} {command line}
   size_t InitialHeapSize                          = 255852544                                 {product} {ergonomic}
   size_t MarkStackSize                            = 4194304                                   {product} {ergonomic}
   size_t MaxHeapSize                              = 4093640704                                {product} {ergonomic}
   size_t MaxNewSize                               = 2455764992                                {product} {ergonomic}
   size_t MinHeapDeltaBytes                        = 2097152                                   {product} {ergonomic}
   size_t MinHeapSize                              = 8388608                                   {product} {ergonomic}
    uintx NonNMethodCodeHeapSize                   = 7602480                                {pd product} {ergonomic}
    uintx NonProfiledCodeHeapSize                  = 122027880                              {pd product} {ergonomic}
    uintx ProfiledCodeHeapSize                     = 122027880                              {pd product} {ergonomic}
    uintx ReservedCodeCacheSize                    = 251658240                              {pd product} {ergonomic}
     bool SegmentedCodeCache                       = true                                      {product} {ergonomic}
   size_t SoftMaxHeapSize                          = 4093640704                             {manageable} {ergonomic}
     bool UseCompressedOops                        = true                           {product lp64_product} {ergonomic}
     bool UseG1GC                                  = true                                      {product} {ergonomic}
     bool UseLargePagesIndividualAllocation        = false                                  {pd product} {ergonomic}

Logging:
Log output configuration:
 #0: stdout all=warning uptime,level,tags foldmultilines=false
 #1: stderr all=off uptime,level,tags foldmultilines=false

Environment Variables:
JAVA_HOME=C:\Program Files\Eclipse Adoptium\jdk-21.0.4.7-hotspot\
PATH=C:\Program Files\Eclipse Adoptium\jdk-21.0.4.7-hotspot\bin;C:\Program Files\Eclipse Adoptium\jre-21.0.4.7-hotspot\bin;C:\Program Files (x86)\Common Files\Intel\Shared Libraries\redist\intel64\compiler;C:\WINDOWS\system32;C:\WINDOWS;C:\WINDOWS\System32\Wbem;C:\WINDOWS\System32\WindowsPowerShell\v1.0\;C:\WINDOWS\System32\OpenSSH\;C:\Program Files\dotnet\;C:\Program Files\Cloudflare\Cloudflare WARP\;C:\Program Files\Git\cmd;C:\Program Files\Git\mingw64\bin;C:\Program Files\Git\usr\bin;C:\Java\bin;C:\Program Files\Calibre2\;C:\Program Files\nodejs\;C:\Program Files\Docker\Docker\resources\bin;C:\Users\messi\AppData\Local\Microsoft\WindowsApps;C:\Users\messi\AppData\Local\Programs\Microsoft VS Code\bin;C:\Users\messi\AppData\Local\GitHubDesktop\bin;C:\xampp\php;C:\Users\messi\AppData\Local\ComposerSetup\bin;C:\Users\messi\AppData\Roaming\Composer\vendor\bin;C:\Users\messi\AppData\Roaming\npm
USERNAME=messi
OS=Windows_NT
PROCESSOR_IDENTIFIER=AMD64 Family 25 Model 68 Stepping 1, AuthenticAMD
TMP=C:\Users\messi\AppData\Local\Temp
TEMP=C:\Users\messi\AppData\Local\Temp




Periodic native trim disabled

JNI global refs:
JNI global refs: 46, weak refs: 1677

JNI global refs memory usage: 1531, weak refs: 17457

Process memory usage:
Resident Set Size: 97592K (0% of 15985748K total physical memory with 2341516K free physical memory)

OOME stack traces (most recent first):
Classloader memory used:
Loader bootstrap                                                                       : 3029K
Loader jdk.internal.loader.ClassLoaders$AppClassLoader                                 : 1809K
Loader jdk.internal.loader.ClassLoaders$PlatformClassLoader                            : 40120B

Classes loaded by more than one classloader:
Class java.lang.IllegalAccessError                                                    : loaded 2 times (x 78B)
Class java.lang.IllegalMonitorStateException                                          : loaded 2 times (x 78B)
Class org.hotswap.agent.javassist.CannotCompileException                              : loaded 2 times (x 79B)
Class java.lang.UnsupportedOperationException                                         : loaded 2 times (x 78B)
Class java.lang.InternalError                                                         : loaded 2 times (x 78B)
Class java.lang.OutOfMemoryError                                                      : loaded 2 times (x 78B)
Class java.lang.IllegalStateException                                                 : loaded 2 times (x 78B)
Class org.hotswap.agent.javassist.bytecode.CodeAttribute$RuntimeCopyException         : loaded 2 times (x 78B)
Class java.net.MalformedURLException                                                  : loaded 2 times (x 78B)
Class org.hotswap.agent.javassist.bytecode.StackMapTable$RuntimeCopyException         : loaded 2 times (x 78B)
Class java.lang.ArrayStoreException                                                   : loaded 2 times (x 78B)
Class java.io.IOException                                                             : loaded 2 times (x 78B)
Class java.lang.Exception                                                             : loaded 2 times (x 78B)
Class java.lang.ClassNotFoundException                                                : loaded 2 times (x 79B)
Class java.lang.InstantiationException                                                : loaded 2 times (x 78B)
Class java.lang.ReflectiveOperationException                                          : loaded 2 times (x 78B)
Class java.lang.VirtualMachineError                                                   : loaded 2 times (x 78B)
Class java.lang.IllegalArgumentException                                              : loaded 2 times (x 78B)
Class java.lang.Error                                                                 : loaded 2 times (x 78B)
Class java.lang.InterruptedException                                                  : loaded 2 times (x 78B)
Class java.lang.NumberFormatException                                                 : loaded 2 times (x 78B)
Class java.lang.LinkageError                                                          : loaded 2 times (x 78B)
Class java.lang.NoSuchMethodError                                                     : loaded 2 times (x 78B)
Class java.lang.ClassCastException                                                    : loaded 2 times (x 78B)
Class java.lang.IncompatibleClassChangeError                                          : loaded 2 times (x 78B)
Class java.lang.ClassFormatError                                                      : loaded 2 times (x 78B)
Class java.net.URISyntaxException                                                     : loaded 2 times (x 82B)
Class org.hotswap.agent.javassist.NotFoundException                                   : loaded 2 times (x 78B)
Class java.lang.reflect.InvocationTargetException                                     : loaded 2 times (x 79B)
Class java.lang.IndexOutOfBoundsException                                             : loaded 2 times (x 78B)
Class java.util.NoSuchElementException                                                : loaded 2 times (x 78B)
Class org.hotswap.agent.javassist.compiler.CompileError                               : loaded 2 times (x 79B)
Class java.lang.BootstrapMethodError                                                  : loaded 2 times (x 78B)
Class java.lang.NoSuchMethodException                                                 : loaded 2 times (x 78B)
Class java.lang.NoClassDefFoundError                                                  : loaded 2 times (x 78B)
Class org.hotswap.agent.javassist.bytecode.annotation.NoSuchClassError                : loaded 2 times (x 79B)
Class java.nio.file.InvalidPathException                                              : loaded 2 times (x 82B)
Class java.lang.NullPointerException                                                  : loaded 2 times (x 79B)
Class java.lang.StackOverflowError                                                    : loaded 2 times (x 78B)
Class org.hotswap.agent.versions.InvalidVersionSpecificationException                 : loaded 2 times (x 78B)
Class java.lang.RuntimeException                                                      : loaded 2 times (x 78B)
Class java.lang.NoSuchFieldException                                                  : loaded 2 times (x 78B)
Class java.io.FileNotFoundException                                                   : loaded 2 times (x 78B)
Class java.lang.ArithmeticException                                                   : loaded 2 times (x 78B)
Class java.lang.IllegalAccessException                                                : loaded 2 times (x 78B)
Class java.lang.reflect.UndeclaredThrowableException                                  : loaded 2 times (x 79B)
Class org.hotswap.agent.javassist.bytecode.DuplicateMemberException                   : loaded 2 times (x 79B)
Class org.hotswap.agent.javassist.bytecode.BadBytecode                                : loaded 2 times (x 78B)
Class java.lang.Throwable                                                             : loaded 2 times (x 78B)

---------------  S Y S T E M  ---------------

OS:
 Windows 11 , 64 bit Build 22621 (10.0.22621.4391)
OS uptime: 1 days 13:26 hours
Hyper-V role detected

CPU: total 16 (initial active 16) (16 cores per cpu, 2 threads per core) family 25 model 68 stepping 1 microcode 0x0, cx8, cmov, fxsr, ht, mmx, 3dnowpref, sse, sse2, sse3, ssse3, sse4a, sse4.1, sse4.2, popcnt, lzcnt, tsc, tscinvbit, avx, avx2, aes, erms, clmul, bmi1, bmi2, adx, sha, fma, vzeroupper, clflush, clflushopt, hv, rdtscp, rdpid, fsrm, f16c, cet_ss
Processor Information for all 16 processors :
  Max Mhz: 3201, Current Mhz: 3201, Mhz Limit: 3201

Memory: 4k page, system-wide physical 15611M (2286M free)
TotalPageFile size 30990M (AvailPageFile size 13555M)
current process WorkingSet (physical memory assigned to process): 95M, peak: 95M
current process commit charge ("private bytes"): 369M, peak: 373M

vm_info: OpenJDK 64-Bit Server VM (21.0.5+8-b631.30) for windows-amd64 JRE (21.0.5+8-b631.30), built on 2024-12-06 by "builduser" with MS VC++ 16.10 / 16.11 (VS2019)

END.
